M	hw8.c
Your branch is up to date with 'origin/master'.
[master c1201e1] Commit homework hw8
 Committer: Christopher Ryan Cohen <cohen50@data.cs.purdue.edu>
Your name and email address were configured automatically based
on your username and hostname. Please check that they are accurate.
You can suppress this message by setting them explicitly. Run the
following command and follow the instructions in your editor to edit
your configuration file:

    git config --global --edit

After doing this, you may fix the identity used for this commit with:

    git commit --amend --reset-author

 1 file changed, 105 insertions(+), 1 deletion(-)
M	hw8.c
Your branch is up to date with 'origin/master'.
[master 4962e33] Commit homework hw8
 Committer: Christopher Ryan Cohen <cohen50@data.cs.purdue.edu>
Your name and email address were configured automatically based
on your username and hostname. Please check that they are accurate.
You can suppress this message by setting them explicitly. Run the
following command and follow the instructions in your editor to edit
your configuration file:

    git config --global --edit

After doing this, you may fix the identity used for this commit with:

    git commit --amend --reset-author

 1 file changed, 1 deletion(-)
M	hw8.c
Your branch is up to date with 'origin/master'.
[master eb68cef] Commit homework hw8
 Committer: Christopher Ryan Cohen <cohen50@data.cs.purdue.edu>
Your name and email address were configured automatically based
on your username and hostname. Please check that they are accurate.
You can suppress this message by setting them explicitly. Run the
following command and follow the instructions in your editor to edit
your configuration file:

    git config --global --edit

After doing this, you may fix the identity used for this commit with:

    git commit --amend --reset-author

 1 file changed, 3 insertions(+)
M	hw8.c
Your branch is up to date with 'origin/master'.
[master 95c16b8] Commit homework hw8
 Committer: Christopher Ryan Cohen <cohen50@data.cs.purdue.edu>
Your name and email address were configured automatically based
on your username and hostname. Please check that they are accurate.
You can suppress this message by setting them explicitly. Run the
following command and follow the instructions in your editor to edit
your configuration file:

    git config --global --edit

After doing this, you may fix the identity used for this commit with:

    git commit --amend --reset-author

 1 file changed, 4 insertions(+)
M	hw8.c
Your branch is up to date with 'origin/master'.
[master eab7251] Commit homework hw8
 Committer: Christopher Ryan Cohen <cohen50@data.cs.purdue.edu>
Your name and email address were configured automatically based
on your username and hostname. Please check that they are accurate.
You can suppress this message by setting them explicitly. Run the
following command and follow the instructions in your editor to edit
your configuration file:

    git config --global --edit

After doing this, you may fix the identity used for this commit with:

    git commit --amend --reset-author

 1 file changed, 2 insertions(+)
Your branch is up to date with 'origin/master'.
On branch master
Your branch is up to date with 'origin/master'.

Untracked files:
	.local.git.out
	hw8.o
	hw8_main
	hw8_main.o
	hw8_test
	hw8_test.o

nothing added to commit but untracked files present
M	hw8.c
Your branch is up to date with 'origin/master'.
[master 7201522] Commit homework hw8
 Committer: Christopher Ryan Cohen <cohen50@data.cs.purdue.edu>
Your name and email address were configured automatically based
on your username and hostname. Please check that they are accurate.
You can suppress this message by setting them explicitly. Run the
following command and follow the instructions in your editor to edit
your configuration file:

    git config --global --edit

After doing this, you may fix the identity used for this commit with:

    git commit --amend --reset-author

 1 file changed, 1 insertion(+)
M	hw8.c
Your branch is up to date with 'origin/master'.
[master 240a160] Commit homework hw8
 Committer: Christopher Ryan Cohen <cohen50@data.cs.purdue.edu>
Your name and email address were configured automatically based
on your username and hostname. Please check that they are accurate.
You can suppress this message by setting them explicitly. Run the
following command and follow the instructions in your editor to edit
your configuration file:

    git config --global --edit

After doing this, you may fix the identity used for this commit with:

    git commit --amend --reset-author

 1 file changed, 1 insertion(+), 1 deletion(-)
M	hw8.c
Your branch is up to date with 'origin/master'.
[master 2853caa] Commit homework hw8
 Committer: Christopher Ryan Cohen <cohen50@data.cs.purdue.edu>
Your name and email address were configured automatically based
on your username and hostname. Please check that they are accurate.
You can suppress this message by setting them explicitly. Run the
following command and follow the instructions in your editor to edit
your configuration file:

    git config --global --edit

After doing this, you may fix the identity used for this commit with:

    git commit --amend --reset-author

 1 file changed, 1 insertion(+)
M	hw8.c
Your branch is up to date with 'origin/master'.
[master 7a3f3f3] Commit homework hw8
 Committer: Christopher Ryan Cohen <cohen50@data.cs.purdue.edu>
Your name and email address were configured automatically based
on your username and hostname. Please check that they are accurate.
You can suppress this message by setting them explicitly. Run the
following command and follow the instructions in your editor to edit
your configuration file:

    git config --global --edit

After doing this, you may fix the identity used for this commit with:

    git commit --amend --reset-author

 1 file changed, 1 insertion(+), 1 deletion(-)
M	hw8.c
Your branch is up to date with 'origin/master'.
[master 4cf9463] Commit homework hw8
 Committer: Christopher Ryan Cohen <cohen50@data.cs.purdue.edu>
Your name and email address were configured automatically based
on your username and hostname. Please check that they are accurate.
You can suppress this message by setting them explicitly. Run the
following command and follow the instructions in your editor to edit
your configuration file:

    git config --global --edit

After doing this, you may fix the identity used for this commit with:

    git commit --amend --reset-author

 1 file changed, 1 insertion(+)
M	hw8.c
Your branch is up to date with 'origin/master'.
[master b97967a] Commit homework hw8
 Committer: Christopher Ryan Cohen <cohen50@data.cs.purdue.edu>
Your name and email address were configured automatically based
on your username and hostname. Please check that they are accurate.
You can suppress this message by setting them explicitly. Run the
following command and follow the instructions in your editor to edit
your configuration file:

    git config --global --edit

After doing this, you may fix the identity used for this commit with:

    git commit --amend --reset-author

 1 file changed, 1 insertion(+), 3 deletions(-)
M	hw8.c
Your branch is up to date with 'origin/master'.
[master c9bb7e9] Commit homework hw8
 Committer: Christopher Ryan Cohen <cohen50@data.cs.purdue.edu>
Your name and email address were configured automatically based
on your username and hostname. Please check that they are accurate.
You can suppress this message by setting them explicitly. Run the
following command and follow the instructions in your editor to edit
your configuration file:

    git config --global --edit

After doing this, you may fix the identity used for this commit with:

    git commit --amend --reset-author

 1 file changed, 1 insertion(+), 2 deletions(-)
M	hw8.c
Your branch is up to date with 'origin/master'.
[master 3bb2f26] Commit homework hw8
 Committer: Christopher Ryan Cohen <cohen50@data.cs.purdue.edu>
Your name and email address were configured automatically based
on your username and hostname. Please check that they are accurate.
You can suppress this message by setting them explicitly. Run the
following command and follow the instructions in your editor to edit
your configuration file:

    git config --global --edit

After doing this, you may fix the identity used for this commit with:

    git commit --amend --reset-author

 1 file changed, 3 insertions(+), 1 deletion(-)
M	hw8.c
Your branch is up to date with 'origin/master'.
[master ff3eae5] Commit homework hw8
 Committer: Christopher Ryan Cohen <cohen50@data.cs.purdue.edu>
Your name and email address were configured automatically based
on your username and hostname. Please check that they are accurate.
You can suppress this message by setting them explicitly. Run the
following command and follow the instructions in your editor to edit
your configuration file:

    git config --global --edit

After doing this, you may fix the identity used for this commit with:

    git commit --amend --reset-author

 1 file changed, 1 insertion(+), 13 deletions(-)
M	hw8.c
Your branch is up to date with 'origin/master'.
[master df47cce] Commit homework hw8
 Committer: Christopher Ryan Cohen <cohen50@data.cs.purdue.edu>
Your name and email address were configured automatically based
on your username and hostname. Please check that they are accurate.
You can suppress this message by setting them explicitly. Run the
following command and follow the instructions in your editor to edit
your configuration file:

    git config --global --edit

After doing this, you may fix the identity used for this commit with:

    git commit --amend --reset-author

 1 file changed, 6 insertions(+), 7 deletions(-)
M	hw8.c
Your branch is up to date with 'origin/master'.
[master fc76d97] Commit homework hw8
 Committer: Christopher Ryan Cohen <cohen50@data.cs.purdue.edu>
Your name and email address were configured automatically based
on your username and hostname. Please check that they are accurate.
You can suppress this message by setting them explicitly. Run the
following command and follow the instructions in your editor to edit
your configuration file:

    git config --global --edit

After doing this, you may fix the identity used for this commit with:

    git commit --amend --reset-author

 1 file changed, 2 insertions(+)
Your branch is up to date with 'origin/master'.
On branch master
Your branch is up to date with 'origin/master'.

Untracked files:
	.local.git.out
	hw8.o
	hw8_main
	hw8_main.o
	hw8_test
	hw8_test.o

nothing added to commit but untracked files present
M	hw8.c
Your branch is up to date with 'origin/master'.
[master c38a0b1] Commit homework hw8
 Committer: Christopher Ryan Cohen <cohen50@data.cs.purdue.edu>
Your name and email address were configured automatically based
on your username and hostname. Please check that they are accurate.
You can suppress this message by setting them explicitly. Run the
following command and follow the instructions in your editor to edit
your configuration file:

    git config --global --edit

After doing this, you may fix the identity used for this commit with:

    git commit --amend --reset-author

 1 file changed, 5 insertions(+), 3 deletions(-)
M	hw8.c
Your branch is up to date with 'origin/master'.
[master a7c904d] Commit homework hw8
 Committer: Christopher Ryan Cohen <cohen50@data.cs.purdue.edu>
Your name and email address were configured automatically based
on your username and hostname. Please check that they are accurate.
You can suppress this message by setting them explicitly. Run the
following command and follow the instructions in your editor to edit
your configuration file:

    git config --global --edit

After doing this, you may fix the identity used for this commit with:

    git commit --amend --reset-author

 1 file changed, 3 insertions(+), 4 deletions(-)
M	hw8.c
Your branch is up to date with 'origin/master'.
[master fa51f86] Commit homework hw8
 Committer: Christopher Ryan Cohen <cohen50@data.cs.purdue.edu>
Your name and email address were configured automatically based
on your username and hostname. Please check that they are accurate.
You can suppress this message by setting them explicitly. Run the
following command and follow the instructions in your editor to edit
your configuration file:

    git config --global --edit

After doing this, you may fix the identity used for this commit with:

    git commit --amend --reset-author

 1 file changed, 1 insertion(+), 3 deletions(-)
M	hw8.c
Your branch is up to date with 'origin/master'.
[master 5a26e0e] Commit homework hw8
 Committer: Christopher Ryan Cohen <cohen50@data.cs.purdue.edu>
Your name and email address were configured automatically based
on your username and hostname. Please check that they are accurate.
You can suppress this message by setting them explicitly. Run the
following command and follow the instructions in your editor to edit
your configuration file:

    git config --global --edit

After doing this, you may fix the identity used for this commit with:

    git commit --amend --reset-author

 1 file changed, 1 insertion(+), 1 deletion(-)
M	hw8.c
Your branch is up to date with 'origin/master'.
[master 4bf91dc] Commit homework hw8
 Committer: Christopher Ryan Cohen <cohen50@data.cs.purdue.edu>
Your name and email address were configured automatically based
on your username and hostname. Please check that they are accurate.
You can suppress this message by setting them explicitly. Run the
following command and follow the instructions in your editor to edit
your configuration file:

    git config --global --edit

After doing this, you may fix the identity used for this commit with:

    git commit --amend --reset-author

 1 file changed, 1 insertion(+), 1 deletion(-)
M	hw8.c
Your branch is up to date with 'origin/master'.
[master 638de5d] Commit homework hw8
 Committer: Christopher Ryan Cohen <cohen50@data.cs.purdue.edu>
Your name and email address were configured automatically based
on your username and hostname. Please check that they are accurate.
You can suppress this message by setting them explicitly. Run the
following command and follow the instructions in your editor to edit
your configuration file:

    git config --global --edit

After doing this, you may fix the identity used for this commit with:

    git commit --amend --reset-author

 1 file changed, 4 insertions(+), 2 deletions(-)
M	hw8.c
Your branch is up to date with 'origin/master'.
[master baba116] Commit homework hw8
 Committer: Christopher Ryan Cohen <cohen50@data.cs.purdue.edu>
Your name and email address were configured automatically based
on your username and hostname. Please check that they are accurate.
You can suppress this message by setting them explicitly. Run the
following command and follow the instructions in your editor to edit
your configuration file:

    git config --global --edit

After doing this, you may fix the identity used for this commit with:

    git commit --amend --reset-author

 1 file changed, 2 insertions(+)
M	hw8.c
Your branch is up to date with 'origin/master'.
[master 5eea690] Commit homework hw8
 Committer: Christopher Ryan Cohen <cohen50@data.cs.purdue.edu>
Your name and email address were configured automatically based
on your username and hostname. Please check that they are accurate.
You can suppress this message by setting them explicitly. Run the
following command and follow the instructions in your editor to edit
your configuration file:

    git config --global --edit

After doing this, you may fix the identity used for this commit with:

    git commit --amend --reset-author

 1 file changed, 23 insertions(+), 3 deletions(-)
M	hw8.c
Your branch is up to date with 'origin/master'.
[master 6631691] Commit homework hw8
 Committer: Christopher Ryan Cohen <cohen50@data.cs.purdue.edu>
Your name and email address were configured automatically based
on your username and hostname. Please check that they are accurate.
You can suppress this message by setting them explicitly. Run the
following command and follow the instructions in your editor to edit
your configuration file:

    git config --global --edit

After doing this, you may fix the identity used for this commit with:

    git commit --amend --reset-author

 1 file changed, 22 insertions(+)
Your branch is up to date with 'origin/master'.
[master db652f5] Submission for homework hw8
 Committer: Christopher Ryan Cohen <cohen50@data.cs.purdue.edu>
Your name and email address were configured automatically based
on your username and hostname. Please check that they are accurate.
You can suppress this message by setting them explicitly. Run the
following command and follow the instructions in your editor to edit
your configuration file:

    git config --global --edit

After doing this, you may fix the identity used for this commit with:

    git commit --amend --reset-author

M	hw8.c
Your branch is up to date with 'origin/master'.
[master cf0abd9] Commit homework hw8
 Committer: Christopher Ryan Cohen <cohen50@data.cs.purdue.edu>
Your name and email address were configured automatically based
on your username and hostname. Please check that they are accurate.
You can suppress this message by setting them explicitly. Run the
following command and follow the instructions in your editor to edit
your configuration file:

    git config --global --edit

After doing this, you may fix the identity used for this commit with:

    git commit --amend --reset-author

 1 file changed, 7 insertions(+)
M	hw8.c
Your branch is up to date with 'origin/master'.
[master 03381ee] Commit homework hw8
 Committer: Christopher Ryan Cohen <cohen50@data.cs.purdue.edu>
Your name and email address were configured automatically based
on your username and hostname. Please check that they are accurate.
You can suppress this message by setting them explicitly. Run the
following command and follow the instructions in your editor to edit
your configuration file:

    git config --global --edit

After doing this, you may fix the identity used for this commit with:

    git commit --amend --reset-author

 1 file changed, 9 insertions(+)
M	hw8.c
Your branch is up to date with 'origin/master'.
[master 6103371] Commit homework hw8
 Committer: Christopher Ryan Cohen <cohen50@data.cs.purdue.edu>
Your name and email address were configured automatically based
on your username and hostname. Please check that they are accurate.
You can suppress this message by setting them explicitly. Run the
following command and follow the instructions in your editor to edit
your configuration file:

    git config --global --edit

After doing this, you may fix the identity used for this commit with:

    git commit --amend --reset-author

 1 file changed, 10 insertions(+)
M	hw8.c
Your branch is up to date with 'origin/master'.
[master 13cef0b] Commit homework hw8
 Committer: Christopher Ryan Cohen <cohen50@data.cs.purdue.edu>
Your name and email address were configured automatically based
on your username and hostname. Please check that they are accurate.
You can suppress this message by setting them explicitly. Run the
following command and follow the instructions in your editor to edit
your configuration file:

    git config --global --edit

After doing this, you may fix the identity used for this commit with:

    git commit --amend --reset-author

 1 file changed, 3 insertions(+), 3 deletions(-)
Your branch is up to date with 'origin/master'.
On branch master
Your branch is up to date with 'origin/master'.

Untracked files:
	.local.git.out
	hw8.o
	hw8_main
	hw8_main.o
	hw8_test
	hw8_test.o

nothing added to commit but untracked files present
Your branch is up to date with 'origin/master'.
On branch master
Your branch is up to date with 'origin/master'.

Untracked files:
	.local.git.out
	hw8.o
	hw8_main
	hw8_main.o
	hw8_test
	hw8_test.o

nothing added to commit but untracked files present
M	hw8.c
Your branch is up to date with 'origin/master'.
[master 412415e] Commit homework hw8
 Committer: Christopher Ryan Cohen <cohen50@data.cs.purdue.edu>
Your name and email address were configured automatically based
on your username and hostname. Please check that they are accurate.
You can suppress this message by setting them explicitly. Run the
following command and follow the instructions in your editor to edit
your configuration file:

    git config --global --edit

After doing this, you may fix the identity used for this commit with:

    git commit --amend --reset-author

 1 file changed, 3 insertions(+)
M	hw8.c
Your branch is up to date with 'origin/master'.
[master 1da4fe9] Commit homework hw8
 Committer: Christopher Ryan Cohen <cohen50@data.cs.purdue.edu>
Your name and email address were configured automatically based
on your username and hostname. Please check that they are accurate.
You can suppress this message by setting them explicitly. Run the
following command and follow the instructions in your editor to edit
your configuration file:

    git config --global --edit

After doing this, you may fix the identity used for this commit with:

    git commit --amend --reset-author

 1 file changed, 1 insertion(+)
M	hw8.c
Your branch is up to date with 'origin/master'.
[master ede504e] Commit homework hw8
 Committer: Christopher Ryan Cohen <cohen50@data.cs.purdue.edu>
Your name and email address were configured automatically based
on your username and hostname. Please check that they are accurate.
You can suppress this message by setting them explicitly. Run the
following command and follow the instructions in your editor to edit
your configuration file:

    git config --global --edit

After doing this, you may fix the identity used for this commit with:

    git commit --amend --reset-author

 1 file changed, 1 insertion(+)
M	hw8.c
Your branch is up to date with 'origin/master'.
[master 74fff28] Commit homework hw8
 Committer: Christopher Ryan Cohen <cohen50@data.cs.purdue.edu>
Your name and email address were configured automatically based
on your username and hostname. Please check that they are accurate.
You can suppress this message by setting them explicitly. Run the
following command and follow the instructions in your editor to edit
your configuration file:

    git config --global --edit

After doing this, you may fix the identity used for this commit with:

    git commit --amend --reset-author

 1 file changed, 1 deletion(-)
M	hw8.c
Your branch is up to date with 'origin/master'.
[master adb9c47] Commit homework hw8
 Committer: Christopher Ryan Cohen <cohen50@data.cs.purdue.edu>
Your name and email address were configured automatically based
on your username and hostname. Please check that they are accurate.
You can suppress this message by setting them explicitly. Run the
following command and follow the instructions in your editor to edit
your configuration file:

    git config --global --edit

After doing this, you may fix the identity used for this commit with:

    git commit --amend --reset-author

 1 file changed, 2 insertions(+), 3 deletions(-)
M	hw8.c
Your branch is up to date with 'origin/master'.
[master cea0414] Commit homework hw8
 Committer: Christopher Ryan Cohen <cohen50@data.cs.purdue.edu>
Your name and email address were configured automatically based
on your username and hostname. Please check that they are accurate.
You can suppress this message by setting them explicitly. Run the
following command and follow the instructions in your editor to edit
your configuration file:

    git config --global --edit

After doing this, you may fix the identity used for this commit with:

    git commit --amend --reset-author

 1 file changed, 1 insertion(+)
M	hw8.c
Your branch is up to date with 'origin/master'.
[master 5b5e042] Commit homework hw8
 Committer: Christopher Ryan Cohen <cohen50@data.cs.purdue.edu>
Your name and email address were configured automatically based
on your username and hostname. Please check that they are accurate.
You can suppress this message by setting them explicitly. Run the
following command and follow the instructions in your editor to edit
your configuration file:

    git config --global --edit

After doing this, you may fix the identity used for this commit with:

    git commit --amend --reset-author

 1 file changed, 6 insertions(+), 6 deletions(-)
M	hw8.c
Your branch is up to date with 'origin/master'.
[master 705f5b2] Commit homework hw8
 Committer: Christopher Ryan Cohen <cohen50@data.cs.purdue.edu>
Your name and email address were configured automatically based
on your username and hostname. Please check that they are accurate.
You can suppress this message by setting them explicitly. Run the
following command and follow the instructions in your editor to edit
your configuration file:

    git config --global --edit

After doing this, you may fix the identity used for this commit with:

    git commit --amend --reset-author

 1 file changed, 4 insertions(+), 3 deletions(-)
M	hw8.c
Your branch is up to date with 'origin/master'.
[master 0eae38b] Commit homework hw8
 Committer: Christopher Ryan Cohen <cohen50@data.cs.purdue.edu>
Your name and email address were configured automatically based
on your username and hostname. Please check that they are accurate.
You can suppress this message by setting them explicitly. Run the
following command and follow the instructions in your editor to edit
your configuration file:

    git config --global --edit

After doing this, you may fix the identity used for this commit with:

    git commit --amend --reset-author

 1 file changed, 2 insertions(+)
M	hw8.c
Your branch is up to date with 'origin/master'.
[master 7378e51] Commit homework hw8
 Committer: Christopher Ryan Cohen <cohen50@data.cs.purdue.edu>
Your name and email address were configured automatically based
on your username and hostname. Please check that they are accurate.
You can suppress this message by setting them explicitly. Run the
following command and follow the instructions in your editor to edit
your configuration file:

    git config --global --edit

After doing this, you may fix the identity used for this commit with:

    git commit --amend --reset-author

 1 file changed, 3 insertions(+), 9 deletions(-)
M	hw8.c
Your branch is up to date with 'origin/master'.
[master ada405f] Commit homework hw8
 Committer: Christopher Ryan Cohen <cohen50@data.cs.purdue.edu>
Your name and email address were configured automatically based
on your username and hostname. Please check that they are accurate.
You can suppress this message by setting them explicitly. Run the
following command and follow the instructions in your editor to edit
your configuration file:

    git config --global --edit

After doing this, you may fix the identity used for this commit with:

    git commit --amend --reset-author

 1 file changed, 2 insertions(+), 2 deletions(-)
M	hw8.c
Your branch is up to date with 'origin/master'.
[master 7cffa30] Commit homework hw8
 Committer: Christopher Ryan Cohen <cohen50@data.cs.purdue.edu>
Your name and email address were configured automatically based
on your username and hostname. Please check that they are accurate.
You can suppress this message by setting them explicitly. Run the
following command and follow the instructions in your editor to edit
your configuration file:

    git config --global --edit

After doing this, you may fix the identity used for this commit with:

    git commit --amend --reset-author

 1 file changed, 2 insertions(+), 4 deletions(-)
M	hw8.c
Your branch is up to date with 'origin/master'.
[master 5a2db70] Commit homework hw8
 Committer: Christopher Ryan Cohen <cohen50@data.cs.purdue.edu>
Your name and email address were configured automatically based
on your username and hostname. Please check that they are accurate.
You can suppress this message by setting them explicitly. Run the
following command and follow the instructions in your editor to edit
your configuration file:

    git config --global --edit

After doing this, you may fix the identity used for this commit with:

    git commit --amend --reset-author

 1 file changed, 10 insertions(+), 3 deletions(-)
M	hw8.c
Your branch is up to date with 'origin/master'.
[master 60eb55c] Commit homework hw8
 Committer: Christopher Ryan Cohen <cohen50@data.cs.purdue.edu>
Your name and email address were configured automatically based
on your username and hostname. Please check that they are accurate.
You can suppress this message by setting them explicitly. Run the
following command and follow the instructions in your editor to edit
your configuration file:

    git config --global --edit

After doing this, you may fix the identity used for this commit with:

    git commit --amend --reset-author

 1 file changed, 2 insertions(+), 2 deletions(-)
Your branch is up to date with 'origin/master'.
On branch master
Your branch is up to date with 'origin/master'.

Untracked files:
	.local.git.out
	hw8.o
	hw8_main
	hw8_main.o
	hw8_test
	hw8_test.o

nothing added to commit but untracked files present
M	hw8.c
Your branch is up to date with 'origin/master'.
[master 5701858] Commit homework hw8
 Committer: Christopher Ryan Cohen <cohen50@data.cs.purdue.edu>
Your name and email address were configured automatically based
on your username and hostname. Please check that they are accurate.
You can suppress this message by setting them explicitly. Run the
following command and follow the instructions in your editor to edit
your configuration file:

    git config --global --edit

After doing this, you may fix the identity used for this commit with:

    git commit --amend --reset-author

 1 file changed, 2 insertions(+)
M	hw8.c
Your branch is up to date with 'origin/master'.
[master d18a6a2] Commit homework hw8
 Committer: Christopher Ryan Cohen <cohen50@data.cs.purdue.edu>
Your name and email address were configured automatically based
on your username and hostname. Please check that they are accurate.
You can suppress this message by setting them explicitly. Run the
following command and follow the instructions in your editor to edit
your configuration file:

    git config --global --edit

After doing this, you may fix the identity used for this commit with:

    git commit --amend --reset-author

 1 file changed, 2 insertions(+)
M	hw8.c
Your branch is up to date with 'origin/master'.
[master 71a776a] Commit homework hw8
 Committer: Christopher Ryan Cohen <cohen50@data.cs.purdue.edu>
Your name and email address were configured automatically based
on your username and hostname. Please check that they are accurate.
You can suppress this message by setting them explicitly. Run the
following command and follow the instructions in your editor to edit
your configuration file:

    git config --global --edit

After doing this, you may fix the identity used for this commit with:

    git commit --amend --reset-author

 1 file changed, 4 insertions(+), 5 deletions(-)
Your branch is up to date with 'origin/master'.
On branch master
Your branch is up to date with 'origin/master'.

Untracked files:
	.local.git.out
	hw8.o
	hw8_main
	hw8_main.o
	hw8_test
	hw8_test.o

nothing added to commit but untracked files present
M	hw8.c
Your branch is up to date with 'origin/master'.
[master 5d81799] Commit homework hw8
 Committer: Christopher Ryan Cohen <cohen50@data.cs.purdue.edu>
Your name and email address were configured automatically based
on your username and hostname. Please check that they are accurate.
You can suppress this message by setting them explicitly. Run the
following command and follow the instructions in your editor to edit
your configuration file:

    git config --global --edit

After doing this, you may fix the identity used for this commit with:

    git commit --amend --reset-author

 1 file changed, 3 insertions(+), 1 deletion(-)
M	hw8.c
Your branch is up to date with 'origin/master'.
[master 7c283cc] Commit homework hw8
 Committer: Christopher Ryan Cohen <cohen50@data.cs.purdue.edu>
Your name and email address were configured automatically based
on your username and hostname. Please check that they are accurate.
You can suppress this message by setting them explicitly. Run the
following command and follow the instructions in your editor to edit
your configuration file:

    git config --global --edit

After doing this, you may fix the identity used for this commit with:

    git commit --amend --reset-author

 1 file changed, 4 deletions(-)
M	hw8.c
Your branch is up to date with 'origin/master'.
[master e05b942] Commit homework hw8
 Committer: Christopher Ryan Cohen <cohen50@data.cs.purdue.edu>
Your name and email address were configured automatically based
on your username and hostname. Please check that they are accurate.
You can suppress this message by setting them explicitly. Run the
following command and follow the instructions in your editor to edit
your configuration file:

    git config --global --edit

After doing this, you may fix the identity used for this commit with:

    git commit --amend --reset-author

 1 file changed, 2 insertions(+), 1 deletion(-)
M	hw8.c
Your branch is up to date with 'origin/master'.
[master fdb0504] Commit homework hw8
 Committer: Christopher Ryan Cohen <cohen50@data.cs.purdue.edu>
Your name and email address were configured automatically based
on your username and hostname. Please check that they are accurate.
You can suppress this message by setting them explicitly. Run the
following command and follow the instructions in your editor to edit
your configuration file:

    git config --global --edit

After doing this, you may fix the identity used for this commit with:

    git commit --amend --reset-author

 1 file changed, 7 insertions(+), 4 deletions(-)
M	hw8.c
Your branch is up to date with 'origin/master'.
[master d033a1c] Commit homework hw8
 Committer: Christopher Ryan Cohen <cohen50@data.cs.purdue.edu>
Your name and email address were configured automatically based
on your username and hostname. Please check that they are accurate.
You can suppress this message by setting them explicitly. Run the
following command and follow the instructions in your editor to edit
your configuration file:

    git config --global --edit

After doing this, you may fix the identity used for this commit with:

    git commit --amend --reset-author

 1 file changed, 3 insertions(+), 5 deletions(-)
M	hw8.c
Your branch is up to date with 'origin/master'.
[master f9c74f2] Commit homework hw8
 Committer: Christopher Ryan Cohen <cohen50@data.cs.purdue.edu>
Your name and email address were configured automatically based
on your username and hostname. Please check that they are accurate.
You can suppress this message by setting them explicitly. Run the
following command and follow the instructions in your editor to edit
your configuration file:

    git config --global --edit

After doing this, you may fix the identity used for this commit with:

    git commit --amend --reset-author

 1 file changed, 1 insertion(+), 3 deletions(-)
M	hw8.c
Your branch is up to date with 'origin/master'.
[master e736a97] Commit homework hw8
 Committer: Christopher Ryan Cohen <cohen50@data.cs.purdue.edu>
Your name and email address were configured automatically based
on your username and hostname. Please check that they are accurate.
You can suppress this message by setting them explicitly. Run the
following command and follow the instructions in your editor to edit
your configuration file:

    git config --global --edit

After doing this, you may fix the identity used for this commit with:

    git commit --amend --reset-author

 1 file changed, 15 insertions(+), 1 deletion(-)
Your branch is up to date with 'origin/master'.
[master 898c6f1] Submission for homework hw8
 Committer: Christopher Ryan Cohen <cohen50@data.cs.purdue.edu>
Your name and email address were configured automatically based
on your username and hostname. Please check that they are accurate.
You can suppress this message by setting them explicitly. Run the
following command and follow the instructions in your editor to edit
your configuration file:

    git config --global --edit

After doing this, you may fix the identity used for this commit with:

    git commit --amend --reset-author

Your branch is up to date with 'origin/master'.
On branch master
Your branch is up to date with 'origin/master'.

Untracked files:
	.local.git.out
	hw8.o
	hw8_main
	hw8_main.o
	hw8_test
	hw8_test.o

nothing added to commit but untracked files present
M	hw8.c
Your branch is up to date with 'origin/master'.
[master 229b899] Commit homework hw8
 Committer: Christopher Ryan Cohen <cohen50@data.cs.purdue.edu>
Your name and email address were configured automatically based
on your username and hostname. Please check that they are accurate.
You can suppress this message by setting them explicitly. Run the
following command and follow the instructions in your editor to edit
your configuration file:

    git config --global --edit

After doing this, you may fix the identity used for this commit with:

    git commit --amend --reset-author

 1 file changed, 1 insertion(+), 1 deletion(-)
M	hw8.c
Your branch is up to date with 'origin/master'.
[master 8463387] Commit homework hw8
 Committer: Christopher Ryan Cohen <cohen50@data.cs.purdue.edu>
Your name and email address were configured automatically based
on your username and hostname. Please check that they are accurate.
You can suppress this message by setting them explicitly. Run the
following command and follow the instructions in your editor to edit
your configuration file:

    git config --global --edit

After doing this, you may fix the identity used for this commit with:

    git commit --amend --reset-author

 1 file changed, 1 insertion(+), 1 deletion(-)
M	hw8.c
Your branch is up to date with 'origin/master'.
[master 7dd930c] Commit homework hw8
 Committer: Christopher Ryan Cohen <cohen50@data.cs.purdue.edu>
Your name and email address were configured automatically based
on your username and hostname. Please check that they are accurate.
You can suppress this message by setting them explicitly. Run the
following command and follow the instructions in your editor to edit
your configuration file:

    git config --global --edit

After doing this, you may fix the identity used for this commit with:

    git commit --amend --reset-author

 1 file changed, 5 insertions(+), 1 deletion(-)
M	hw8.c
Your branch is up to date with 'origin/master'.
[master ce38fa3] Commit homework hw8
 Committer: Christopher Ryan Cohen <cohen50@data.cs.purdue.edu>
Your name and email address were configured automatically based
on your username and hostname. Please check that they are accurate.
You can suppress this message by setting them explicitly. Run the
following command and follow the instructions in your editor to edit
your configuration file:

    git config --global --edit

After doing this, you may fix the identity used for this commit with:

    git commit --amend --reset-author

 1 file changed, 1 insertion(+), 6 deletions(-)
M	hw8.c
Your branch is up to date with 'origin/master'.
[master ac704dd] Commit homework hw8
 Committer: Christopher Ryan Cohen <cohen50@data.cs.purdue.edu>
Your name and email address were configured automatically based
on your username and hostname. Please check that they are accurate.
You can suppress this message by setting them explicitly. Run the
following command and follow the instructions in your editor to edit
your configuration file:

    git config --global --edit

After doing this, you may fix the identity used for this commit with:

    git commit --amend --reset-author

 1 file changed, 1 insertion(+), 1 deletion(-)
M	hw8.c
Your branch is up to date with 'origin/master'.
[master 915ccf2] Commit homework hw8
 Committer: Christopher Ryan Cohen <cohen50@data.cs.purdue.edu>
Your name and email address were configured automatically based
on your username and hostname. Please check that they are accurate.
You can suppress this message by setting them explicitly. Run the
following command and follow the instructions in your editor to edit
your configuration file:

    git config --global --edit

After doing this, you may fix the identity used for this commit with:

    git commit --amend --reset-author

 1 file changed, 1 insertion(+)
M	hw8.c
Your branch is up to date with 'origin/master'.
[master 8ea3acf] Commit homework hw8
 Committer: Christopher Ryan Cohen <cohen50@data.cs.purdue.edu>
Your name and email address were configured automatically based
on your username and hostname. Please check that they are accurate.
You can suppress this message by setting them explicitly. Run the
following command and follow the instructions in your editor to edit
your configuration file:

    git config --global --edit

After doing this, you may fix the identity used for this commit with:

    git commit --amend --reset-author

 1 file changed, 1 insertion(+), 1 deletion(-)
M	hw8.c
Your branch is up to date with 'origin/master'.
[master 1c735f9] Commit homework hw8
 Committer: Christopher Ryan Cohen <cohen50@data.cs.purdue.edu>
Your name and email address were configured automatically based
on your username and hostname. Please check that they are accurate.
You can suppress this message by setting them explicitly. Run the
following command and follow the instructions in your editor to edit
your configuration file:

    git config --global --edit

After doing this, you may fix the identity used for this commit with:

    git commit --amend --reset-author

 1 file changed, 1 insertion(+), 2 deletions(-)
M	hw8.c
Your branch is up to date with 'origin/master'.
[master 0d23911] Commit homework hw8
 Committer: Christopher Ryan Cohen <cohen50@data.cs.purdue.edu>
Your name and email address were configured automatically based
on your username and hostname. Please check that they are accurate.
You can suppress this message by setting them explicitly. Run the
following command and follow the instructions in your editor to edit
your configuration file:

    git config --global --edit

After doing this, you may fix the identity used for this commit with:

    git commit --amend --reset-author

 1 file changed, 1 insertion(+), 1 deletion(-)
M	hw8.c
Your branch is up to date with 'origin/master'.
[master 7a85fdd] Commit homework hw8
 Committer: Christopher Ryan Cohen <cohen50@data.cs.purdue.edu>
Your name and email address were configured automatically based
on your username and hostname. Please check that they are accurate.
You can suppress this message by setting them explicitly. Run the
following command and follow the instructions in your editor to edit
your configuration file:

    git config --global --edit

After doing this, you may fix the identity used for this commit with:

    git commit --amend --reset-author

 1 file changed, 7 insertions(+), 4 deletions(-)
M	hw8.c
Your branch is up to date with 'origin/master'.
[master 46f2b50] Commit homework hw8
 Committer: Christopher Ryan Cohen <cohen50@data.cs.purdue.edu>
Your name and email address were configured automatically based
on your username and hostname. Please check that they are accurate.
You can suppress this message by setting them explicitly. Run the
following command and follow the instructions in your editor to edit
your configuration file:

    git config --global --edit

After doing this, you may fix the identity used for this commit with:

    git commit --amend --reset-author

 1 file changed, 4 insertions(+), 5 deletions(-)
M	hw8.c
Your branch is up to date with 'origin/master'.
[master e672618] Commit homework hw8
 Committer: Christopher Ryan Cohen <cohen50@data.cs.purdue.edu>
Your name and email address were configured automatically based
on your username and hostname. Please check that they are accurate.
You can suppress this message by setting them explicitly. Run the
following command and follow the instructions in your editor to edit
your configuration file:

    git config --global --edit

After doing this, you may fix the identity used for this commit with:

    git commit --amend --reset-author

 1 file changed, 3 insertions(+), 1 deletion(-)
Your branch is up to date with 'origin/master'.
On branch master
Your branch is up to date with 'origin/master'.

Untracked files:
	.local.git.out
	hw8.o
	hw8_main
	hw8_main.o
	hw8_test
	hw8_test.o

nothing added to commit but untracked files present
M	hw8.c
Your branch is up to date with 'origin/master'.
[master cb98d19] Commit homework hw8
 Committer: Christopher Ryan Cohen <cohen50@data.cs.purdue.edu>
Your name and email address were configured automatically based
on your username and hostname. Please check that they are accurate.
You can suppress this message by setting them explicitly. Run the
following command and follow the instructions in your editor to edit
your configuration file:

    git config --global --edit

After doing this, you may fix the identity used for this commit with:

    git commit --amend --reset-author

 1 file changed, 1 insertion(+)
M	hw8.c
Your branch is up to date with 'origin/master'.
[master 52c431c] Commit homework hw8
 Committer: Christopher Ryan Cohen <cohen50@data.cs.purdue.edu>
Your name and email address were configured automatically based
on your username and hostname. Please check that they are accurate.
You can suppress this message by setting them explicitly. Run the
following command and follow the instructions in your editor to edit
your configuration file:

    git config --global --edit

After doing this, you may fix the identity used for this commit with:

    git commit --amend --reset-author

 1 file changed, 4 insertions(+)
M	hw8.c
Your branch is up to date with 'origin/master'.
[master 8916f13] Commit homework hw8
 Committer: Christopher Ryan Cohen <cohen50@data.cs.purdue.edu>
Your name and email address were configured automatically based
on your username and hostname. Please check that they are accurate.
You can suppress this message by setting them explicitly. Run the
following command and follow the instructions in your editor to edit
your configuration file:

    git config --global --edit

After doing this, you may fix the identity used for this commit with:

    git commit --amend --reset-author

 1 file changed, 1 deletion(-)
M	hw8.c
Your branch is up to date with 'origin/master'.
[master 209334d] Commit homework hw8
 Committer: Christopher Ryan Cohen <cohen50@data.cs.purdue.edu>
Your name and email address were configured automatically based
on your username and hostname. Please check that they are accurate.
You can suppress this message by setting them explicitly. Run the
following command and follow the instructions in your editor to edit
your configuration file:

    git config --global --edit

After doing this, you may fix the identity used for this commit with:

    git commit --amend --reset-author

 1 file changed, 6 insertions(+), 6 deletions(-)
M	hw8.c
Your branch is up to date with 'origin/master'.
[master 3a0eb80] Commit homework hw8
 Committer: Christopher Ryan Cohen <cohen50@data.cs.purdue.edu>
Your name and email address were configured automatically based
on your username and hostname. Please check that they are accurate.
You can suppress this message by setting them explicitly. Run the
following command and follow the instructions in your editor to edit
your configuration file:

    git config --global --edit

After doing this, you may fix the identity used for this commit with:

    git commit --amend --reset-author

 1 file changed, 7 insertions(+), 1 deletion(-)
M	hw8.c
Your branch is up to date with 'origin/master'.
[master c34f2b6] Commit homework hw8
 Committer: Christopher Ryan Cohen <cohen50@data.cs.purdue.edu>
Your name and email address were configured automatically based
on your username and hostname. Please check that they are accurate.
You can suppress this message by setting them explicitly. Run the
following command and follow the instructions in your editor to edit
your configuration file:

    git config --global --edit

After doing this, you may fix the identity used for this commit with:

    git commit --amend --reset-author

 1 file changed, 15 insertions(+), 10 deletions(-)
Your branch is up to date with 'origin/master'.
On branch master
Your branch is up to date with 'origin/master'.

Untracked files:
	.local.git.out
	hw8.o
	hw8_main
	hw8_main.o
	hw8_test
	hw8_test.o

nothing added to commit but untracked files present
Your branch is up to date with 'origin/master'.
On branch master
Your branch is up to date with 'origin/master'.

Untracked files:
	.local.git.out
	hw8.o
	hw8_main
	hw8_main.o
	hw8_test
	hw8_test.o

nothing added to commit but untracked files present
M	hw8.c
Your branch is up to date with 'origin/master'.
[master ab977be] Commit homework hw8
 Committer: Christopher Ryan Cohen <cohen50@data.cs.purdue.edu>
Your name and email address were configured automatically based
on your username and hostname. Please check that they are accurate.
You can suppress this message by setting them explicitly. Run the
following command and follow the instructions in your editor to edit
your configuration file:

    git config --global --edit

After doing this, you may fix the identity used for this commit with:

    git commit --amend --reset-author

 1 file changed, 4 insertions(+), 1 deletion(-)
M	hw8.c
Your branch is up to date with 'origin/master'.
[master f22b2d1] Commit homework hw8
 Committer: Christopher Ryan Cohen <cohen50@data.cs.purdue.edu>
Your name and email address were configured automatically based
on your username and hostname. Please check that they are accurate.
You can suppress this message by setting them explicitly. Run the
following command and follow the instructions in your editor to edit
your configuration file:

    git config --global --edit

After doing this, you may fix the identity used for this commit with:

    git commit --amend --reset-author

 1 file changed, 6 insertions(+), 6 deletions(-)
M	hw8.c
Your branch is up to date with 'origin/master'.
[master 2450e63] Commit homework hw8
 Committer: Christopher Ryan Cohen <cohen50@data.cs.purdue.edu>
Your name and email address were configured automatically based
on your username and hostname. Please check that they are accurate.
You can suppress this message by setting them explicitly. Run the
following command and follow the instructions in your editor to edit
your configuration file:

    git config --global --edit

After doing this, you may fix the identity used for this commit with:

    git commit --amend --reset-author

 1 file changed, 2 insertions(+), 2 deletions(-)
M	hw8.c
Your branch is up to date with 'origin/master'.
[master 24baae3] Commit homework hw8
 Committer: Christopher Ryan Cohen <cohen50@data.cs.purdue.edu>
Your name and email address were configured automatically based
on your username and hostname. Please check that they are accurate.
You can suppress this message by setting them explicitly. Run the
following command and follow the instructions in your editor to edit
your configuration file:

    git config --global --edit

After doing this, you may fix the identity used for this commit with:

    git commit --amend --reset-author

 1 file changed, 4 insertions(+), 4 deletions(-)
M	hw8.c
Your branch is up to date with 'origin/master'.
[master 9035c3f] Commit homework hw8
 Committer: Christopher Ryan Cohen <cohen50@data.cs.purdue.edu>
Your name and email address were configured automatically based
on your username and hostname. Please check that they are accurate.
You can suppress this message by setting them explicitly. Run the
following command and follow the instructions in your editor to edit
your configuration file:

    git config --global --edit

After doing this, you may fix the identity used for this commit with:

    git commit --amend --reset-author

 1 file changed, 2 insertions(+), 2 deletions(-)
M	hw8.c
Your branch is up to date with 'origin/master'.
[master eb014c0] Submission for homework hw8
 Committer: Christopher Ryan Cohen <cohen50@data.cs.purdue.edu>
Your name and email address were configured automatically based
on your username and hostname. Please check that they are accurate.
You can suppress this message by setting them explicitly. Run the
following command and follow the instructions in your editor to edit
your configuration file:

    git config --global --edit

After doing this, you may fix the identity used for this commit with:

    git commit --amend --reset-author

 1 file changed, 3 insertions(+), 3 deletions(-)
M	hw8.c
Your branch is up to date with 'origin/master'.
[master 2187129] Commit homework hw8
 Committer: Christopher Ryan Cohen <cohen50@data.cs.purdue.edu>
Your name and email address were configured automatically based
on your username and hostname. Please check that they are accurate.
You can suppress this message by setting them explicitly. Run the
following command and follow the instructions in your editor to edit
your configuration file:

    git config --global --edit

After doing this, you may fix the identity used for this commit with:

    git commit --amend --reset-author

 1 file changed, 2 insertions(+), 3 deletions(-)
M	hw8.c
Your branch is up to date with 'origin/master'.
[master 3c33af2] Commit homework hw8
 Committer: Christopher Ryan Cohen <cohen50@data.cs.purdue.edu>
Your name and email address were configured automatically based
on your username and hostname. Please check that they are accurate.
You can suppress this message by setting them explicitly. Run the
following command and follow the instructions in your editor to edit
your configuration file:

    git config --global --edit

After doing this, you may fix the identity used for this commit with:

    git commit --amend --reset-author

 1 file changed, 2 insertions(+), 1 deletion(-)
M	hw8.c
Your branch is up to date with 'origin/master'.
[master d81ce19] Commit homework hw8
 Committer: Christopher Ryan Cohen <cohen50@data.cs.purdue.edu>
Your name and email address were configured automatically based
on your username and hostname. Please check that they are accurate.
You can suppress this message by setting them explicitly. Run the
following command and follow the instructions in your editor to edit
your configuration file:

    git config --global --edit

After doing this, you may fix the identity used for this commit with:

    git commit --amend --reset-author

 1 file changed, 2 insertions(+)
M	hw8.c
Your branch is up to date with 'origin/master'.
[master f24cb2b] Commit homework hw8
 Committer: Christopher Ryan Cohen <cohen50@data.cs.purdue.edu>
Your name and email address were configured automatically based
on your username and hostname. Please check that they are accurate.
You can suppress this message by setting them explicitly. Run the
following command and follow the instructions in your editor to edit
your configuration file:

    git config --global --edit

After doing this, you may fix the identity used for this commit with:

    git commit --amend --reset-author

 1 file changed, 3 insertions(+)
Your branch is up to date with 'origin/master'.
On branch master
Your branch is up to date with 'origin/master'.

Untracked files:
	.local.git.out
	1
	hw8.o
	hw8_main
	hw8_main.o
	hw8_test
	hw8_test.o

nothing added to commit but untracked files present
Your branch is up to date with 'origin/master'.
[master 7d41e7b] Submission for homework hw8
 Committer: Christopher Ryan Cohen <cohen50@data.cs.purdue.edu>
Your name and email address were configured automatically based
on your username and hostname. Please check that they are accurate.
You can suppress this message by setting them explicitly. Run the
following command and follow the instructions in your editor to edit
your configuration file:

    git config --global --edit

After doing this, you may fix the identity used for this commit with:

    git commit --amend --reset-author

Your branch is up to date with 'origin/master'.
On branch master
Your branch is up to date with 'origin/master'.

Untracked files:
	.local.git.out
	1
	hw8.o
	hw8_main
	hw8_main.o
	hw8_test
	hw8_test.o

nothing added to commit but untracked files present
Your branch is up to date with 'origin/master'.
[master 7970ab5] Submission for homework hw8
 Committer: Christopher Ryan Cohen <cohen50@data.cs.purdue.edu>
Your name and email address were configured automatically based
on your username and hostname. Please check that they are accurate.
You can suppress this message by setting them explicitly. Run the
following command and follow the instructions in your editor to edit
your configuration file:

    git config --global --edit

After doing this, you may fix the identity used for this commit with:

    git commit --amend --reset-author

Your branch is up to date with 'origin/master'.
[master 572d0bd] Submission for homework hw8
 Committer: Christopher Ryan Cohen <cohen50@data.cs.purdue.edu>
Your name and email address were configured automatically based
on your username and hostname. Please check that they are accurate.
You can suppress this message by setting them explicitly. Run the
following command and follow the instructions in your editor to edit
your configuration file:

    git config --global --edit

After doing this, you may fix the identity used for this commit with:

    git commit --amend --reset-author

M	hw8.c
Your branch is up to date with 'origin/master'.
[master 9c580b5] Commit homework hw8
 Committer: Christopher Ryan Cohen <cohen50@data.cs.purdue.edu>
Your name and email address were configured automatically based
on your username and hostname. Please check that they are accurate.
You can suppress this message by setting them explicitly. Run the
following command and follow the instructions in your editor to edit
your configuration file:

    git config --global --edit

After doing this, you may fix the identity used for this commit with:

    git commit --amend --reset-author

 1 file changed, 1 insertion(+), 1 deletion(-)
Your branch is up to date with 'origin/master'.
[master 66d8bbc] Submission for homework hw8
 Committer: Christopher Ryan Cohen <cohen50@data.cs.purdue.edu>
Your name and email address were configured automatically based
on your username and hostname. Please check that they are accurate.
You can suppress this message by setting them explicitly. Run the
following command and follow the instructions in your editor to edit
your configuration file:

    git config --global --edit

After doing this, you may fix the identity used for this commit with:

    git commit --amend --reset-author

M	hw8.c
Your branch is up to date with 'origin/master'.
[master 57cecf3] Commit homework hw8
 Committer: Christopher Ryan Cohen <cohen50@data.cs.purdue.edu>
Your name and email address were configured automatically based
on your username and hostname. Please check that they are accurate.
You can suppress this message by setting them explicitly. Run the
following command and follow the instructions in your editor to edit
your configuration file:

    git config --global --edit

After doing this, you may fix the identity used for this commit with:

    git commit --amend --reset-author

 1 file changed, 1 insertion(+), 1 deletion(-)
Your branch is up to date with 'origin/master'.
[master a6b199f] Submission for homework hw8
 Committer: Christopher Ryan Cohen <cohen50@data.cs.purdue.edu>
Your name and email address were configured automatically based
on your username and hostname. Please check that they are accurate.
You can suppress this message by setting them explicitly. Run the
following command and follow the instructions in your editor to edit
your configuration file:

    git config --global --edit

After doing this, you may fix the identity used for this commit with:

    git commit --amend --reset-author

