Your branch is up to date with 'origin/master'.
On branch master
Your branch is up to date with 'origin/master'.

Untracked files:
	.local.git.out
	graphics.o
	hw12.o
	main.o
	object.o

nothing added to commit but untracked files present
M	hw12.c
Your branch is up to date with 'origin/master'.
[master 4ca6b3b] Commit homework hw12
 Committer: Christopher Ryan Cohen <cohen50@data.cs.purdue.edu>
Your name and email address were configured automatically based
on your username and hostname. Please check that they are accurate.
You can suppress this message by setting them explicitly. Run the
following command and follow the instructions in your editor to edit
your configuration file:

    git config --global --edit

After doing this, you may fix the identity used for this commit with:

    git commit --amend --reset-author

 2 files changed, 72 insertions(+)
 create mode 100644 hw11.c
M	hw12.c
Your branch is up to date with 'origin/master'.
[master 09cfe86] Commit homework hw12
 Committer: Christopher Ryan Cohen <cohen50@data.cs.purdue.edu>
Your name and email address were configured automatically based
on your username and hostname. Please check that they are accurate.
You can suppress this message by setting them explicitly. Run the
following command and follow the instructions in your editor to edit
your configuration file:

    git config --global --edit

After doing this, you may fix the identity used for this commit with:

    git commit --amend --reset-author

 1 file changed, 58 insertions(+), 10 deletions(-)
M	hw12.c
Your branch is up to date with 'origin/master'.
[master d045c34] Commit homework hw12
 Committer: Christopher Ryan Cohen <cohen50@data.cs.purdue.edu>
Your name and email address were configured automatically based
on your username and hostname. Please check that they are accurate.
You can suppress this message by setting them explicitly. Run the
following command and follow the instructions in your editor to edit
your configuration file:

    git config --global --edit

After doing this, you may fix the identity used for this commit with:

    git commit --amend --reset-author

 1 file changed, 3 insertions(+), 18 deletions(-)
M	hw12.c
Your branch is up to date with 'origin/master'.
[master 4d33652] Commit homework hw12
 Committer: Christopher Ryan Cohen <cohen50@data.cs.purdue.edu>
Your name and email address were configured automatically based
on your username and hostname. Please check that they are accurate.
You can suppress this message by setting them explicitly. Run the
following command and follow the instructions in your editor to edit
your configuration file:

    git config --global --edit

After doing this, you may fix the identity used for this commit with:

    git commit --amend --reset-author

 1 file changed, 5 insertions(+), 6 deletions(-)
M	hw12.c
Your branch is up to date with 'origin/master'.
[master 3214269] Commit homework hw12
 Committer: Christopher Ryan Cohen <cohen50@data.cs.purdue.edu>
Your name and email address were configured automatically based
on your username and hostname. Please check that they are accurate.
You can suppress this message by setting them explicitly. Run the
following command and follow the instructions in your editor to edit
your configuration file:

    git config --global --edit

After doing this, you may fix the identity used for this commit with:

    git commit --amend --reset-author

 1 file changed, 5 insertions(+), 3 deletions(-)
Your branch is up to date with 'origin/master'.
On branch master
Your branch is up to date with 'origin/master'.

Untracked files:
	.local.git.out
	graphics.o
	hw12
	hw12.o
	hw12_debug
	main.o
	object.o

nothing added to commit but untracked files present
Your branch is up to date with 'origin/master'.
On branch master
Your branch is up to date with 'origin/master'.

Untracked files:
	.local.git.out
	graphics.o
	hw12.o
	hw12_debug
	main.o
	object.o

nothing added to commit but untracked files present
M	hw12.c
Your branch is up to date with 'origin/master'.
[master 28365ec] Commit homework hw12
 Committer: Christopher Ryan Cohen <cohen50@data.cs.purdue.edu>
Your name and email address were configured automatically based
on your username and hostname. Please check that they are accurate.
You can suppress this message by setting them explicitly. Run the
following command and follow the instructions in your editor to edit
your configuration file:

    git config --global --edit

After doing this, you may fix the identity used for this commit with:

    git commit --amend --reset-author

 1 file changed, 35 insertions(+), 1 deletion(-)
M	hw12.c
Your branch is up to date with 'origin/master'.
[master c5e038e] Commit homework hw12
 Committer: Christopher Ryan Cohen <cohen50@data.cs.purdue.edu>
Your name and email address were configured automatically based
on your username and hostname. Please check that they are accurate.
You can suppress this message by setting them explicitly. Run the
following command and follow the instructions in your editor to edit
your configuration file:

    git config --global --edit

After doing this, you may fix the identity used for this commit with:

    git commit --amend --reset-author

 1 file changed, 1 insertion(+), 1 deletion(-)
M	hw12.c
Your branch is up to date with 'origin/master'.
[master ff1ac5e] Commit homework hw12
 Committer: Christopher Ryan Cohen <cohen50@data.cs.purdue.edu>
Your name and email address were configured automatically based
on your username and hostname. Please check that they are accurate.
You can suppress this message by setting them explicitly. Run the
following command and follow the instructions in your editor to edit
your configuration file:

    git config --global --edit

After doing this, you may fix the identity used for this commit with:

    git commit --amend --reset-author

 1 file changed, 5 insertions(+), 5 deletions(-)
M	hw12.c
Your branch is up to date with 'origin/master'.
[master 4ceb6c8] Commit homework hw12
 Committer: Christopher Ryan Cohen <cohen50@data.cs.purdue.edu>
Your name and email address were configured automatically based
on your username and hostname. Please check that they are accurate.
You can suppress this message by setting them explicitly. Run the
following command and follow the instructions in your editor to edit
your configuration file:

    git config --global --edit

After doing this, you may fix the identity used for this commit with:

    git commit --amend --reset-author

 1 file changed, 5 insertions(+), 2 deletions(-)
M	hw12.c
Your branch is up to date with 'origin/master'.
[master 4b195c1] Commit homework hw12
 Committer: Christopher Ryan Cohen <cohen50@data.cs.purdue.edu>
Your name and email address were configured automatically based
on your username and hostname. Please check that they are accurate.
You can suppress this message by setting them explicitly. Run the
following command and follow the instructions in your editor to edit
your configuration file:

    git config --global --edit

After doing this, you may fix the identity used for this commit with:

    git commit --amend --reset-author

 1 file changed, 1 insertion(+), 1 deletion(-)
M	hw12.c
Your branch is up to date with 'origin/master'.
[master 64dc562] Commit homework hw12
 Committer: Christopher Ryan Cohen <cohen50@data.cs.purdue.edu>
Your name and email address were configured automatically based
on your username and hostname. Please check that they are accurate.
You can suppress this message by setting them explicitly. Run the
following command and follow the instructions in your editor to edit
your configuration file:

    git config --global --edit

After doing this, you may fix the identity used for this commit with:

    git commit --amend --reset-author

 1 file changed, 1 insertion(+), 1 deletion(-)
M	hw12.c
Your branch is up to date with 'origin/master'.
[master e5302fd] Commit homework hw12
 Committer: Christopher Ryan Cohen <cohen50@data.cs.purdue.edu>
Your name and email address were configured automatically based
on your username and hostname. Please check that they are accurate.
You can suppress this message by setting them explicitly. Run the
following command and follow the instructions in your editor to edit
your configuration file:

    git config --global --edit

After doing this, you may fix the identity used for this commit with:

    git commit --amend --reset-author

 1 file changed, 4 insertions(+), 2 deletions(-)
M	hw12.c
Your branch is up to date with 'origin/master'.
[master 4165e88] Commit homework hw12
 Committer: Christopher Ryan Cohen <cohen50@data.cs.purdue.edu>
Your name and email address were configured automatically based
on your username and hostname. Please check that they are accurate.
You can suppress this message by setting them explicitly. Run the
following command and follow the instructions in your editor to edit
your configuration file:

    git config --global --edit

After doing this, you may fix the identity used for this commit with:

    git commit --amend --reset-author

 1 file changed, 1 insertion(+), 1 deletion(-)
M	hw12.c
Your branch is up to date with 'origin/master'.
[master e43309e] Commit homework hw12
 Committer: Christopher Ryan Cohen <cohen50@data.cs.purdue.edu>
Your name and email address were configured automatically based
on your username and hostname. Please check that they are accurate.
You can suppress this message by setting them explicitly. Run the
following command and follow the instructions in your editor to edit
your configuration file:

    git config --global --edit

After doing this, you may fix the identity used for this commit with:

    git commit --amend --reset-author

 1 file changed, 3 insertions(+), 3 deletions(-)
M	hw12.c
Your branch is up to date with 'origin/master'.
[master 1f9cad2] Commit homework hw12
 Committer: Christopher Ryan Cohen <cohen50@data.cs.purdue.edu>
Your name and email address were configured automatically based
on your username and hostname. Please check that they are accurate.
You can suppress this message by setting them explicitly. Run the
following command and follow the instructions in your editor to edit
your configuration file:

    git config --global --edit

After doing this, you may fix the identity used for this commit with:

    git commit --amend --reset-author

 1 file changed, 1 insertion(+), 1 deletion(-)
M	hw12.c
Your branch is up to date with 'origin/master'.
[master 9f78d39] Commit homework hw12
 Committer: Christopher Ryan Cohen <cohen50@data.cs.purdue.edu>
Your name and email address were configured automatically based
on your username and hostname. Please check that they are accurate.
You can suppress this message by setting them explicitly. Run the
following command and follow the instructions in your editor to edit
your configuration file:

    git config --global --edit

After doing this, you may fix the identity used for this commit with:

    git commit --amend --reset-author

 1 file changed, 12 insertions(+), 3 deletions(-)
M	hw12.c
Your branch is up to date with 'origin/master'.
[master e9466cf] Commit homework hw12
 Committer: Christopher Ryan Cohen <cohen50@data.cs.purdue.edu>
Your name and email address were configured automatically based
on your username and hostname. Please check that they are accurate.
You can suppress this message by setting them explicitly. Run the
following command and follow the instructions in your editor to edit
your configuration file:

    git config --global --edit

After doing this, you may fix the identity used for this commit with:

    git commit --amend --reset-author

 1 file changed, 1 insertion(+), 1 deletion(-)
M	hw12.c
Your branch is up to date with 'origin/master'.
[master 97cda96] Commit homework hw12
 Committer: Christopher Ryan Cohen <cohen50@data.cs.purdue.edu>
Your name and email address were configured automatically based
on your username and hostname. Please check that they are accurate.
You can suppress this message by setting them explicitly. Run the
following command and follow the instructions in your editor to edit
your configuration file:

    git config --global --edit

After doing this, you may fix the identity used for this commit with:

    git commit --amend --reset-author

 1 file changed, 2 insertions(+), 2 deletions(-)
M	hw12.c
Your branch is up to date with 'origin/master'.
[master 8d5f9f3] Commit homework hw12
 Committer: Christopher Ryan Cohen <cohen50@data.cs.purdue.edu>
Your name and email address were configured automatically based
on your username and hostname. Please check that they are accurate.
You can suppress this message by setting them explicitly. Run the
following command and follow the instructions in your editor to edit
your configuration file:

    git config --global --edit

After doing this, you may fix the identity used for this commit with:

    git commit --amend --reset-author

 1 file changed, 2 insertions(+), 2 deletions(-)
M	hw12.c
Your branch is up to date with 'origin/master'.
[master 6c5e22e] Commit homework hw12
 Committer: Christopher Ryan Cohen <cohen50@data.cs.purdue.edu>
Your name and email address were configured automatically based
on your username and hostname. Please check that they are accurate.
You can suppress this message by setting them explicitly. Run the
following command and follow the instructions in your editor to edit
your configuration file:

    git config --global --edit

After doing this, you may fix the identity used for this commit with:

    git commit --amend --reset-author

 1 file changed, 1 insertion(+)
M	hw12.c
Your branch is up to date with 'origin/master'.
[master 99e0607] Commit homework hw12
 Committer: Christopher Ryan Cohen <cohen50@data.cs.purdue.edu>
Your name and email address were configured automatically based
on your username and hostname. Please check that they are accurate.
You can suppress this message by setting them explicitly. Run the
following command and follow the instructions in your editor to edit
your configuration file:

    git config --global --edit

After doing this, you may fix the identity used for this commit with:

    git commit --amend --reset-author

 1 file changed, 1 insertion(+), 1 deletion(-)
M	hw12.c
Your branch is up to date with 'origin/master'.
[master 4071f9d] Commit homework hw12
 Committer: Christopher Ryan Cohen <cohen50@data.cs.purdue.edu>
Your name and email address were configured automatically based
on your username and hostname. Please check that they are accurate.
You can suppress this message by setting them explicitly. Run the
following command and follow the instructions in your editor to edit
your configuration file:

    git config --global --edit

After doing this, you may fix the identity used for this commit with:

    git commit --amend --reset-author

 1 file changed, 2 insertions(+), 2 deletions(-)
M	hw12.c
Your branch is up to date with 'origin/master'.
[master f9792b9] Commit homework hw12
 Committer: Christopher Ryan Cohen <cohen50@data.cs.purdue.edu>
Your name and email address were configured automatically based
on your username and hostname. Please check that they are accurate.
You can suppress this message by setting them explicitly. Run the
following command and follow the instructions in your editor to edit
your configuration file:

    git config --global --edit

After doing this, you may fix the identity used for this commit with:

    git commit --amend --reset-author

 1 file changed, 1 insertion(+), 1 deletion(-)
Your branch is up to date with 'origin/master'.
[master 39d7ff5] Submission for homework hw12
 Committer: Christopher Ryan Cohen <cohen50@data.cs.purdue.edu>
Your name and email address were configured automatically based
on your username and hostname. Please check that they are accurate.
You can suppress this message by setting them explicitly. Run the
following command and follow the instructions in your editor to edit
your configuration file:

    git config --global --edit

After doing this, you may fix the identity used for this commit with:

    git commit --amend --reset-author

Your branch is up to date with 'origin/master'.
On branch master
Your branch is up to date with 'origin/master'.

Untracked files:
	.local.git.out
	graphics.o
	hw12
	hw12.o
	hw12_debug
	main.o
	object.o

nothing added to commit but untracked files present
M	hw12.c
Your branch is up to date with 'origin/master'.
[master 29631ef] Commit homework hw12
 Committer: Christopher Ryan Cohen <cohen50@data.cs.purdue.edu>
Your name and email address were configured automatically based
on your username and hostname. Please check that they are accurate.
You can suppress this message by setting them explicitly. Run the
following command and follow the instructions in your editor to edit
your configuration file:

    git config --global --edit

After doing this, you may fix the identity used for this commit with:

    git commit --amend --reset-author

 1 file changed, 4 insertions(+), 2 deletions(-)
M	hw12.c
Your branch is up to date with 'origin/master'.
[master 9ef5a39] Commit homework hw12
 Committer: Christopher Ryan Cohen <cohen50@data.cs.purdue.edu>
Your name and email address were configured automatically based
on your username and hostname. Please check that they are accurate.
You can suppress this message by setting them explicitly. Run the
following command and follow the instructions in your editor to edit
your configuration file:

    git config --global --edit

After doing this, you may fix the identity used for this commit with:

    git commit --amend --reset-author

 1 file changed, 5 insertions(+), 1 deletion(-)
M	hw12.c
Your branch is up to date with 'origin/master'.
[master da6ac6f] Commit homework hw12
 Committer: Christopher Ryan Cohen <cohen50@data.cs.purdue.edu>
Your name and email address were configured automatically based
on your username and hostname. Please check that they are accurate.
You can suppress this message by setting them explicitly. Run the
following command and follow the instructions in your editor to edit
your configuration file:

    git config --global --edit

After doing this, you may fix the identity used for this commit with:

    git commit --amend --reset-author

 1 file changed, 1 insertion(+), 1 deletion(-)
M	hw12.c
Your branch is up to date with 'origin/master'.
[master bca2309] Commit homework hw12
 Committer: Christopher Ryan Cohen <cohen50@data.cs.purdue.edu>
Your name and email address were configured automatically based
on your username and hostname. Please check that they are accurate.
You can suppress this message by setting them explicitly. Run the
following command and follow the instructions in your editor to edit
your configuration file:

    git config --global --edit

After doing this, you may fix the identity used for this commit with:

    git commit --amend --reset-author

 1 file changed, 3 insertions(+)
M	hw12.c
Your branch is up to date with 'origin/master'.
[master fd30124] Commit homework hw12
 Committer: Christopher Ryan Cohen <cohen50@data.cs.purdue.edu>
Your name and email address were configured automatically based
on your username and hostname. Please check that they are accurate.
You can suppress this message by setting them explicitly. Run the
following command and follow the instructions in your editor to edit
your configuration file:

    git config --global --edit

After doing this, you may fix the identity used for this commit with:

    git commit --amend --reset-author

 1 file changed, 2 insertions(+), 17 deletions(-)
M	hw12.c
Your branch is up to date with 'origin/master'.
[master 5e93459] Commit homework hw12
 Committer: Christopher Ryan Cohen <cohen50@data.cs.purdue.edu>
Your name and email address were configured automatically based
on your username and hostname. Please check that they are accurate.
You can suppress this message by setting them explicitly. Run the
following command and follow the instructions in your editor to edit
your configuration file:

    git config --global --edit

After doing this, you may fix the identity used for this commit with:

    git commit --amend --reset-author

 1 file changed, 7 insertions(+), 5 deletions(-)
Your branch is up to date with 'origin/master'.
[master 0979a53] Submission for homework hw12
 Committer: Christopher Ryan Cohen <cohen50@data.cs.purdue.edu>
Your name and email address were configured automatically based
on your username and hostname. Please check that they are accurate.
You can suppress this message by setting them explicitly. Run the
following command and follow the instructions in your editor to edit
your configuration file:

    git config --global --edit

After doing this, you may fix the identity used for this commit with:

    git commit --amend --reset-author

M	hw12.c
Your branch is up to date with 'origin/master'.
[master 7dbd2b4] Commit homework hw12
 Committer: Christopher Ryan Cohen <cohen50@data.cs.purdue.edu>
Your name and email address were configured automatically based
on your username and hostname. Please check that they are accurate.
You can suppress this message by setting them explicitly. Run the
following command and follow the instructions in your editor to edit
your configuration file:

    git config --global --edit

After doing this, you may fix the identity used for this commit with:

    git commit --amend --reset-author

 1 file changed, 63 insertions(+), 20 deletions(-)
M	hw12.c
Your branch is up to date with 'origin/master'.
[master 7d82456] Commit homework hw12
 Committer: Christopher Ryan Cohen <cohen50@data.cs.purdue.edu>
Your name and email address were configured automatically based
on your username and hostname. Please check that they are accurate.
You can suppress this message by setting them explicitly. Run the
following command and follow the instructions in your editor to edit
your configuration file:

    git config --global --edit

After doing this, you may fix the identity used for this commit with:

    git commit --amend --reset-author

 1 file changed, 18 insertions(+), 10 deletions(-)
Your branch is up to date with 'origin/master'.
[master 832a46a] Submission for homework hw12
 Committer: Christopher Ryan Cohen <cohen50@data.cs.purdue.edu>
Your name and email address were configured automatically based
on your username and hostname. Please check that they are accurate.
You can suppress this message by setting them explicitly. Run the
following command and follow the instructions in your editor to edit
your configuration file:

    git config --global --edit

After doing this, you may fix the identity used for this commit with:

    git commit --amend --reset-author

M	hw12.c
Your branch is up to date with 'origin/master'.
[master 4baa0f3] Commit homework hw12
 Committer: Christopher Ryan Cohen <cohen50@data.cs.purdue.edu>
Your name and email address were configured automatically based
on your username and hostname. Please check that they are accurate.
You can suppress this message by setting them explicitly. Run the
following command and follow the instructions in your editor to edit
your configuration file:

    git config --global --edit

After doing this, you may fix the identity used for this commit with:

    git commit --amend --reset-author

 1 file changed, 3 insertions(+), 2 deletions(-)
Your branch is up to date with 'origin/master'.
On branch master
Your branch is up to date with 'origin/master'.

Untracked files:
	.local.git.out
	graphics.o
	hw12.o
	hw12_debug
	main.o
	object.o

nothing added to commit but untracked files present
Your branch is up to date with 'origin/master'.
[master f69e319] Submission for homework hw12
 Committer: Christopher Ryan Cohen <cohen50@data.cs.purdue.edu>
Your name and email address were configured automatically based
on your username and hostname. Please check that they are accurate.
You can suppress this message by setting them explicitly. Run the
following command and follow the instructions in your editor to edit
your configuration file:

    git config --global --edit

After doing this, you may fix the identity used for this commit with:

    git commit --amend --reset-author

M	hw12.c
Your branch is up to date with 'origin/master'.
[master 3a13de7] Commit homework hw12
 Committer: Christopher Ryan Cohen <cohen50@data.cs.purdue.edu>
Your name and email address were configured automatically based
on your username and hostname. Please check that they are accurate.
You can suppress this message by setting them explicitly. Run the
following command and follow the instructions in your editor to edit
your configuration file:

    git config --global --edit

After doing this, you may fix the identity used for this commit with:

    git commit --amend --reset-author

 1 file changed, 1 deletion(-)
Your branch is up to date with 'origin/master'.
On branch master
Your branch is up to date with 'origin/master'.

Untracked files:
	.local.git.out
	graphics.o
	hw12.o
	hw12_debug
	main.o
	object.o

nothing added to commit but untracked files present
M	hw12.c
Your branch is up to date with 'origin/master'.
[master c2b1145] Commit homework hw12
 Committer: Christopher Ryan Cohen <cohen50@data.cs.purdue.edu>
Your name and email address were configured automatically based
on your username and hostname. Please check that they are accurate.
You can suppress this message by setting them explicitly. Run the
following command and follow the instructions in your editor to edit
your configuration file:

    git config --global --edit

After doing this, you may fix the identity used for this commit with:

    git commit --amend --reset-author

 1 file changed, 2 insertions(+)
M	hw12.c
Your branch is up to date with 'origin/master'.
[master 20232e6] Commit homework hw12
 Committer: Christopher Ryan Cohen <cohen50@data.cs.purdue.edu>
Your name and email address were configured automatically based
on your username and hostname. Please check that they are accurate.
You can suppress this message by setting them explicitly. Run the
following command and follow the instructions in your editor to edit
your configuration file:

    git config --global --edit

After doing this, you may fix the identity used for this commit with:

    git commit --amend --reset-author

 1 file changed, 22 insertions(+)
M	hw12.c
Your branch is up to date with 'origin/master'.
[master cdab49d] Commit homework hw12
 Committer: Christopher Ryan Cohen <cohen50@data.cs.purdue.edu>
Your name and email address were configured automatically based
on your username and hostname. Please check that they are accurate.
You can suppress this message by setting them explicitly. Run the
following command and follow the instructions in your editor to edit
your configuration file:

    git config --global --edit

After doing this, you may fix the identity used for this commit with:

    git commit --amend --reset-author

 1 file changed, 10 insertions(+), 10 deletions(-)
Your branch is up to date with 'origin/master'.
[master 1ed7ee2] Submission for homework hw12
 Committer: Christopher Ryan Cohen <cohen50@data.cs.purdue.edu>
Your name and email address were configured automatically based
on your username and hostname. Please check that they are accurate.
You can suppress this message by setting them explicitly. Run the
following command and follow the instructions in your editor to edit
your configuration file:

    git config --global --edit

After doing this, you may fix the identity used for this commit with:

    git commit --amend --reset-author

M	hw12.c
Your branch is up to date with 'origin/master'.
[master 2a7662f] Commit homework hw12
 Committer: Christopher Ryan Cohen <cohen50@data.cs.purdue.edu>
Your name and email address were configured automatically based
on your username and hostname. Please check that they are accurate.
You can suppress this message by setting them explicitly. Run the
following command and follow the instructions in your editor to edit
your configuration file:

    git config --global --edit

After doing this, you may fix the identity used for this commit with:

    git commit --amend --reset-author

 1 file changed, 1 insertion(+), 1 deletion(-)
Your branch is up to date with 'origin/master'.
[master fc68c4f] Submission for homework hw12
 Committer: Christopher Ryan Cohen <cohen50@data.cs.purdue.edu>
Your name and email address were configured automatically based
on your username and hostname. Please check that they are accurate.
You can suppress this message by setting them explicitly. Run the
following command and follow the instructions in your editor to edit
your configuration file:

    git config --global --edit

After doing this, you may fix the identity used for this commit with:

    git commit --amend --reset-author

