M	hw6.c
Your branch is up to date with 'origin/master'.
[master 07f9d88] Commit homework hw6
 Committer: Christopher Ryan Cohen <cohen50@data.cs.purdue.edu>
Your name and email address were configured automatically based
on your username and hostname. Please check that they are accurate.
You can suppress this message by setting them explicitly. Run the
following command and follow the instructions in your editor to edit
your configuration file:

    git config --global --edit

After doing this, you may fix the identity used for this commit with:

    git commit --amend --reset-author

 1 file changed, 215 insertions(+)
M	hw6.c
Your branch is up to date with 'origin/master'.
[master 4d219dd] Commit homework hw6
 Committer: Christopher Ryan Cohen <cohen50@data.cs.purdue.edu>
Your name and email address were configured automatically based
on your username and hostname. Please check that they are accurate.
You can suppress this message by setting them explicitly. Run the
following command and follow the instructions in your editor to edit
your configuration file:

    git config --global --edit

After doing this, you may fix the identity used for this commit with:

    git commit --amend --reset-author

 1 file changed, 1 insertion(+), 20 deletions(-)
M	hw6.c
Your branch is up to date with 'origin/master'.
[master a004e24] Commit homework hw6
 Committer: Christopher Ryan Cohen <cohen50@data.cs.purdue.edu>
Your name and email address were configured automatically based
on your username and hostname. Please check that they are accurate.
You can suppress this message by setting them explicitly. Run the
following command and follow the instructions in your editor to edit
your configuration file:

    git config --global --edit

After doing this, you may fix the identity used for this commit with:

    git commit --amend --reset-author

 1 file changed, 1 insertion(+)
Your branch is up to date with 'origin/master'.
[master 025a9d6] Submission for homework hw6
 Committer: Christopher Ryan Cohen <cohen50@data.cs.purdue.edu>
Your name and email address were configured automatically based
on your username and hostname. Please check that they are accurate.
You can suppress this message by setting them explicitly. Run the
following command and follow the instructions in your editor to edit
your configuration file:

    git config --global --edit

After doing this, you may fix the identity used for this commit with:

    git commit --amend --reset-author

M	hw6.c
Your branch is up to date with 'origin/master'.
[master e5733d3] Commit homework hw6
 Committer: Christopher Ryan Cohen <cohen50@data.cs.purdue.edu>
Your name and email address were configured automatically based
on your username and hostname. Please check that they are accurate.
You can suppress this message by setting them explicitly. Run the
following command and follow the instructions in your editor to edit
your configuration file:

    git config --global --edit

After doing this, you may fix the identity used for this commit with:

    git commit --amend --reset-author

 1 file changed, 2 insertions(+), 2 deletions(-)
M	hw6.c
Your branch is up to date with 'origin/master'.
[master 9a70e78] Commit homework hw6
 Committer: Christopher Ryan Cohen <cohen50@data.cs.purdue.edu>
Your name and email address were configured automatically based
on your username and hostname. Please check that they are accurate.
You can suppress this message by setting them explicitly. Run the
following command and follow the instructions in your editor to edit
your configuration file:

    git config --global --edit

After doing this, you may fix the identity used for this commit with:

    git commit --amend --reset-author

 1 file changed, 55 insertions(+), 2 deletions(-)
Your branch is up to date with 'origin/master'.
On branch master
Your branch is up to date with 'origin/master'.

Untracked files:
	.local.git.out
	Bogus_07
	Bogus_36
	Bogus_57
	Bogus_66
	Input_07
	Input_36
	Input_57
	Input_66
	hw6.o
	hw6_main
	hw6_main.o
	hw6_test
	hw6_test.o
	non_readable_file
	non_writable_file

nothing added to commit but untracked files present
M	hw6.c
Your branch is up to date with 'origin/master'.
[master f63220e] Commit homework hw6
 Committer: Christopher Ryan Cohen <cohen50@data.cs.purdue.edu>
Your name and email address were configured automatically based
on your username and hostname. Please check that they are accurate.
You can suppress this message by setting them explicitly. Run the
following command and follow the instructions in your editor to edit
your configuration file:

    git config --global --edit

After doing this, you may fix the identity used for this commit with:

    git commit --amend --reset-author

 1 file changed, 17 insertions(+), 11 deletions(-)
M	hw6.c
Your branch is up to date with 'origin/master'.
[master 998a2f8] Commit homework hw6
 Committer: Christopher Ryan Cohen <cohen50@data.cs.purdue.edu>
Your name and email address were configured automatically based
on your username and hostname. Please check that they are accurate.
You can suppress this message by setting them explicitly. Run the
following command and follow the instructions in your editor to edit
your configuration file:

    git config --global --edit

After doing this, you may fix the identity used for this commit with:

    git commit --amend --reset-author

 1 file changed, 4 insertions(+), 4 deletions(-)
M	hw6.c
Your branch is up to date with 'origin/master'.
[master c33179c] Commit homework hw6
 Committer: Christopher Ryan Cohen <cohen50@data.cs.purdue.edu>
Your name and email address were configured automatically based
on your username and hostname. Please check that they are accurate.
You can suppress this message by setting them explicitly. Run the
following command and follow the instructions in your editor to edit
your configuration file:

    git config --global --edit

After doing this, you may fix the identity used for this commit with:

    git commit --amend --reset-author

 1 file changed, 5 insertions(+), 4 deletions(-)
M	hw6.c
Your branch is up to date with 'origin/master'.
[master 4c78a12] Commit homework hw6
 Committer: Christopher Ryan Cohen <cohen50@data.cs.purdue.edu>
Your name and email address were configured automatically based
on your username and hostname. Please check that they are accurate.
You can suppress this message by setting them explicitly. Run the
following command and follow the instructions in your editor to edit
your configuration file:

    git config --global --edit

After doing this, you may fix the identity used for this commit with:

    git commit --amend --reset-author

 1 file changed, 1 insertion(+), 1 deletion(-)
M	hw6.c
Your branch is up to date with 'origin/master'.
[master 5e6ecff] Commit homework hw6
 Committer: Christopher Ryan Cohen <cohen50@data.cs.purdue.edu>
Your name and email address were configured automatically based
on your username and hostname. Please check that they are accurate.
You can suppress this message by setting them explicitly. Run the
following command and follow the instructions in your editor to edit
your configuration file:

    git config --global --edit

After doing this, you may fix the identity used for this commit with:

    git commit --amend --reset-author

 1 file changed, 6 insertions(+), 4 deletions(-)
M	hw6.c
Your branch is up to date with 'origin/master'.
[master db93864] Commit homework hw6
 Committer: Christopher Ryan Cohen <cohen50@data.cs.purdue.edu>
Your name and email address were configured automatically based
on your username and hostname. Please check that they are accurate.
You can suppress this message by setting them explicitly. Run the
following command and follow the instructions in your editor to edit
your configuration file:

    git config --global --edit

After doing this, you may fix the identity used for this commit with:

    git commit --amend --reset-author

 1 file changed, 3 insertions(+), 3 deletions(-)
M	hw6.c
Your branch is up to date with 'origin/master'.
[master 1913f84] Commit homework hw6
 Committer: Christopher Ryan Cohen <cohen50@data.cs.purdue.edu>
Your name and email address were configured automatically based
on your username and hostname. Please check that they are accurate.
You can suppress this message by setting them explicitly. Run the
following command and follow the instructions in your editor to edit
your configuration file:

    git config --global --edit

After doing this, you may fix the identity used for this commit with:

    git commit --amend --reset-author

 1 file changed, 1 insertion(+), 1 deletion(-)
M	hw6.c
Your branch is up to date with 'origin/master'.
[master 5013cee] Commit homework hw6
 Committer: Christopher Ryan Cohen <cohen50@data.cs.purdue.edu>
Your name and email address were configured automatically based
on your username and hostname. Please check that they are accurate.
You can suppress this message by setting them explicitly. Run the
following command and follow the instructions in your editor to edit
your configuration file:

    git config --global --edit

After doing this, you may fix the identity used for this commit with:

    git commit --amend --reset-author

 1 file changed, 2 insertions(+), 2 deletions(-)
M	hw6.c
Your branch is up to date with 'origin/master'.
[master f9a9c6e] Commit homework hw6
 Committer: Christopher Ryan Cohen <cohen50@data.cs.purdue.edu>
Your name and email address were configured automatically based
on your username and hostname. Please check that they are accurate.
You can suppress this message by setting them explicitly. Run the
following command and follow the instructions in your editor to edit
your configuration file:

    git config --global --edit

After doing this, you may fix the identity used for this commit with:

    git commit --amend --reset-author

 1 file changed, 1 insertion(+), 5 deletions(-)
M	hw6.c
Your branch is up to date with 'origin/master'.
[master 4a79dfc] Commit homework hw6
 Committer: Christopher Ryan Cohen <cohen50@data.cs.purdue.edu>
Your name and email address were configured automatically based
on your username and hostname. Please check that they are accurate.
You can suppress this message by setting them explicitly. Run the
following command and follow the instructions in your editor to edit
your configuration file:

    git config --global --edit

After doing this, you may fix the identity used for this commit with:

    git commit --amend --reset-author

 1 file changed, 1 insertion(+), 1 deletion(-)
Your branch is up to date with 'origin/master'.
On branch master
Your branch is up to date with 'origin/master'.

Untracked files:
	.local.git.out
	Bogus_03
	Bogus_07
	Bogus_16
	Bogus_21
	Bogus_35
	Bogus_36
	Bogus_46
	Bogus_56
	Bogus_57
	Bogus_62
	Bogus_63
	Bogus_66
	Bogus_71
	Bogus_86
	Bogus_87
	Input_03
	Input_07
	Input_16
	Input_21
	Input_35
	Input_36
	Input_46
	Input_56
	Input_57
	Input_62
	Input_63
	Input_66
	Input_71
	Input_86
	Input_87
	hw6.o
	hw6_main
	hw6_main.o
	hw6_test
	hw6_test.o
	non_readable_file
	non_writable_file

nothing added to commit but untracked files present
Your branch is up to date with 'origin/master'.
On branch master
Your branch is up to date with 'origin/master'.

Untracked files:
	.local.git.out
	Bogus_03
	Bogus_07
	Bogus_16
	Bogus_21
	Bogus_35
	Bogus_36
	Bogus_46
	Bogus_56
	Bogus_57
	Bogus_62
	Bogus_63
	Bogus_66
	Bogus_71
	Bogus_86
	Bogus_87
	Input_03
	Input_07
	Input_16
	Input_21
	Input_35
	Input_36
	Input_46
	Input_56
	Input_57
	Input_62
	Input_63
	Input_66
	Input_71
	Input_86
	Input_87
	hw6.o
	hw6_main
	hw6_main.o
	hw6_test
	hw6_test.o
	non_readable_file
	non_writable_file

nothing added to commit but untracked files present
M	hw6.c
Your branch is up to date with 'origin/master'.
[master 61e6d2b] Commit homework hw6
 Committer: Christopher Ryan Cohen <cohen50@data.cs.purdue.edu>
Your name and email address were configured automatically based
on your username and hostname. Please check that they are accurate.
You can suppress this message by setting them explicitly. Run the
following command and follow the instructions in your editor to edit
your configuration file:

    git config --global --edit

After doing this, you may fix the identity used for this commit with:

    git commit --amend --reset-author

 1 file changed, 3 insertions(+)
M	hw6.c
Your branch is up to date with 'origin/master'.
[master 5b32adc] Commit homework hw6
 Committer: Christopher Ryan Cohen <cohen50@data.cs.purdue.edu>
Your name and email address were configured automatically based
on your username and hostname. Please check that they are accurate.
You can suppress this message by setting them explicitly. Run the
following command and follow the instructions in your editor to edit
your configuration file:

    git config --global --edit

After doing this, you may fix the identity used for this commit with:

    git commit --amend --reset-author

 1 file changed, 3 insertions(+), 3 deletions(-)
M	hw6.c
Your branch is up to date with 'origin/master'.
[master 6bce435] Commit homework hw6
 Committer: Christopher Ryan Cohen <cohen50@data.cs.purdue.edu>
Your name and email address were configured automatically based
on your username and hostname. Please check that they are accurate.
You can suppress this message by setting them explicitly. Run the
following command and follow the instructions in your editor to edit
your configuration file:

    git config --global --edit

After doing this, you may fix the identity used for this commit with:

    git commit --amend --reset-author

 1 file changed, 1 insertion(+)
M	hw6.c
Your branch is up to date with 'origin/master'.
[master 8dd11c9] Commit homework hw6
 Committer: Christopher Ryan Cohen <cohen50@data.cs.purdue.edu>
Your name and email address were configured automatically based
on your username and hostname. Please check that they are accurate.
You can suppress this message by setting them explicitly. Run the
following command and follow the instructions in your editor to edit
your configuration file:

    git config --global --edit

After doing this, you may fix the identity used for this commit with:

    git commit --amend --reset-author

 1 file changed, 12 insertions(+), 10 deletions(-)
M	hw6.c
Your branch is up to date with 'origin/master'.
[master 4e97df6] Commit homework hw6
 Committer: Christopher Ryan Cohen <cohen50@data.cs.purdue.edu>
Your name and email address were configured automatically based
on your username and hostname. Please check that they are accurate.
You can suppress this message by setting them explicitly. Run the
following command and follow the instructions in your editor to edit
your configuration file:

    git config --global --edit

After doing this, you may fix the identity used for this commit with:

    git commit --amend --reset-author

 1 file changed, 4 insertions(+)
M	hw6.c
Your branch is up to date with 'origin/master'.
[master 85c2ce8] Commit homework hw6
 Committer: Christopher Ryan Cohen <cohen50@data.cs.purdue.edu>
Your name and email address were configured automatically based
on your username and hostname. Please check that they are accurate.
You can suppress this message by setting them explicitly. Run the
following command and follow the instructions in your editor to edit
your configuration file:

    git config --global --edit

After doing this, you may fix the identity used for this commit with:

    git commit --amend --reset-author

 1 file changed, 17 insertions(+), 3 deletions(-)
M	hw6.c
Your branch is up to date with 'origin/master'.
[master 509f9d6] Commit homework hw6
 Committer: Christopher Ryan Cohen <cohen50@data.cs.purdue.edu>
Your name and email address were configured automatically based
on your username and hostname. Please check that they are accurate.
You can suppress this message by setting them explicitly. Run the
following command and follow the instructions in your editor to edit
your configuration file:

    git config --global --edit

After doing this, you may fix the identity used for this commit with:

    git commit --amend --reset-author

 1 file changed, 2 insertions(+), 2 deletions(-)
M	hw6.c
Your branch is up to date with 'origin/master'.
[master 6faccbe] Commit homework hw6
 Committer: Christopher Ryan Cohen <cohen50@data.cs.purdue.edu>
Your name and email address were configured automatically based
on your username and hostname. Please check that they are accurate.
You can suppress this message by setting them explicitly. Run the
following command and follow the instructions in your editor to edit
your configuration file:

    git config --global --edit

After doing this, you may fix the identity used for this commit with:

    git commit --amend --reset-author

 1 file changed, 5 insertions(+), 5 deletions(-)
M	hw6.c
Your branch is up to date with 'origin/master'.
[master dd19972] Commit homework hw6
 Committer: Christopher Ryan Cohen <cohen50@data.cs.purdue.edu>
Your name and email address were configured automatically based
on your username and hostname. Please check that they are accurate.
You can suppress this message by setting them explicitly. Run the
following command and follow the instructions in your editor to edit
your configuration file:

    git config --global --edit

After doing this, you may fix the identity used for this commit with:

    git commit --amend --reset-author

 1 file changed, 4 deletions(-)
M	hw6.c
Your branch is up to date with 'origin/master'.
[master f527721] Commit homework hw6
 Committer: Christopher Ryan Cohen <cohen50@data.cs.purdue.edu>
Your name and email address were configured automatically based
on your username and hostname. Please check that they are accurate.
You can suppress this message by setting them explicitly. Run the
following command and follow the instructions in your editor to edit
your configuration file:

    git config --global --edit

After doing this, you may fix the identity used for this commit with:

    git commit --amend --reset-author

 1 file changed, 1 insertion(+), 1 deletion(-)
M	hw6.c
Your branch is up to date with 'origin/master'.
[master 5640992] Commit homework hw6
 Committer: Christopher Ryan Cohen <cohen50@data.cs.purdue.edu>
Your name and email address were configured automatically based
on your username and hostname. Please check that they are accurate.
You can suppress this message by setting them explicitly. Run the
following command and follow the instructions in your editor to edit
your configuration file:

    git config --global --edit

After doing this, you may fix the identity used for this commit with:

    git commit --amend --reset-author

 1 file changed, 4 insertions(+), 4 deletions(-)
M	hw6.c
Your branch is up to date with 'origin/master'.
[master 24b5064] Commit homework hw6
 Committer: Christopher Ryan Cohen <cohen50@data.cs.purdue.edu>
Your name and email address were configured automatically based
on your username and hostname. Please check that they are accurate.
You can suppress this message by setting them explicitly. Run the
following command and follow the instructions in your editor to edit
your configuration file:

    git config --global --edit

After doing this, you may fix the identity used for this commit with:

    git commit --amend --reset-author

 1 file changed, 1 insertion(+), 1 deletion(-)
M	hw6.c
Your branch is up to date with 'origin/master'.
[master 3ba89cf] Commit homework hw6
 Committer: Christopher Ryan Cohen <cohen50@data.cs.purdue.edu>
Your name and email address were configured automatically based
on your username and hostname. Please check that they are accurate.
You can suppress this message by setting them explicitly. Run the
following command and follow the instructions in your editor to edit
your configuration file:

    git config --global --edit

After doing this, you may fix the identity used for this commit with:

    git commit --amend --reset-author

 1 file changed, 13 insertions(+), 3 deletions(-)
M	hw6.c
Your branch is up to date with 'origin/master'.
[master d292d7a] Commit homework hw6
 Committer: Christopher Ryan Cohen <cohen50@data.cs.purdue.edu>
Your name and email address were configured automatically based
on your username and hostname. Please check that they are accurate.
You can suppress this message by setting them explicitly. Run the
following command and follow the instructions in your editor to edit
your configuration file:

    git config --global --edit

After doing this, you may fix the identity used for this commit with:

    git commit --amend --reset-author

 1 file changed, 1 insertion(+), 1 deletion(-)
M	hw6.c
Your branch is up to date with 'origin/master'.
[master 777bfd3] Commit homework hw6
 Committer: Christopher Ryan Cohen <cohen50@data.cs.purdue.edu>
Your name and email address were configured automatically based
on your username and hostname. Please check that they are accurate.
You can suppress this message by setting them explicitly. Run the
following command and follow the instructions in your editor to edit
your configuration file:

    git config --global --edit

After doing this, you may fix the identity used for this commit with:

    git commit --amend --reset-author

 1 file changed, 9 insertions(+), 9 deletions(-)
M	hw6.c
Your branch is up to date with 'origin/master'.
[master a86e85d] Commit homework hw6
 Committer: Christopher Ryan Cohen <cohen50@data.cs.purdue.edu>
Your name and email address were configured automatically based
on your username and hostname. Please check that they are accurate.
You can suppress this message by setting them explicitly. Run the
following command and follow the instructions in your editor to edit
your configuration file:

    git config --global --edit

After doing this, you may fix the identity used for this commit with:

    git commit --amend --reset-author

 1 file changed, 4 insertions(+), 4 deletions(-)
M	hw6.c
Your branch is up to date with 'origin/master'.
[master 54dd7d3] Commit homework hw6
 Committer: Christopher Ryan Cohen <cohen50@data.cs.purdue.edu>
Your name and email address were configured automatically based
on your username and hostname. Please check that they are accurate.
You can suppress this message by setting them explicitly. Run the
following command and follow the instructions in your editor to edit
your configuration file:

    git config --global --edit

After doing this, you may fix the identity used for this commit with:

    git commit --amend --reset-author

 1 file changed, 2 insertions(+), 2 deletions(-)
M	hw6.c
Your branch is up to date with 'origin/master'.
[master 9d52f22] Commit homework hw6
 Committer: Christopher Ryan Cohen <cohen50@data.cs.purdue.edu>
Your name and email address were configured automatically based
on your username and hostname. Please check that they are accurate.
You can suppress this message by setting them explicitly. Run the
following command and follow the instructions in your editor to edit
your configuration file:

    git config --global --edit

After doing this, you may fix the identity used for this commit with:

    git commit --amend --reset-author

 1 file changed, 1 deletion(-)
M	hw6.c
Your branch is up to date with 'origin/master'.
[master ccd8eb0] Commit homework hw6
 Committer: Christopher Ryan Cohen <cohen50@data.cs.purdue.edu>
Your name and email address were configured automatically based
on your username and hostname. Please check that they are accurate.
You can suppress this message by setting them explicitly. Run the
following command and follow the instructions in your editor to edit
your configuration file:

    git config --global --edit

After doing this, you may fix the identity used for this commit with:

    git commit --amend --reset-author

 1 file changed, 4 insertions(+), 4 deletions(-)
M	hw6.c
Your branch is up to date with 'origin/master'.
[master a3012e8] Commit homework hw6
 Committer: Christopher Ryan Cohen <cohen50@data.cs.purdue.edu>
Your name and email address were configured automatically based
on your username and hostname. Please check that they are accurate.
You can suppress this message by setting them explicitly. Run the
following command and follow the instructions in your editor to edit
your configuration file:

    git config --global --edit

After doing this, you may fix the identity used for this commit with:

    git commit --amend --reset-author

 1 file changed, 1 insertion(+), 1 deletion(-)
Your branch is up to date with 'origin/master'.
[master c29069f] Submission for homework hw6
 Committer: Christopher Ryan Cohen <cohen50@data.cs.purdue.edu>
Your name and email address were configured automatically based
on your username and hostname. Please check that they are accurate.
You can suppress this message by setting them explicitly. Run the
following command and follow the instructions in your editor to edit
your configuration file:

    git config --global --edit

After doing this, you may fix the identity used for this commit with:

    git commit --amend --reset-author

M	hw6.c
Your branch is up to date with 'origin/master'.
[master 320d84b] Commit homework hw6
 Committer: Christopher Ryan Cohen <cohen50@data.cs.purdue.edu>
Your name and email address were configured automatically based
on your username and hostname. Please check that they are accurate.
You can suppress this message by setting them explicitly. Run the
following command and follow the instructions in your editor to edit
your configuration file:

    git config --global --edit

After doing this, you may fix the identity used for this commit with:

    git commit --amend --reset-author

 1 file changed, 5 insertions(+), 4 deletions(-)
M	hw6.c
Your branch is up to date with 'origin/master'.
[master bd40a6a] Commit homework hw6
 Committer: Christopher Ryan Cohen <cohen50@data.cs.purdue.edu>
Your name and email address were configured automatically based
on your username and hostname. Please check that they are accurate.
You can suppress this message by setting them explicitly. Run the
following command and follow the instructions in your editor to edit
your configuration file:

    git config --global --edit

After doing this, you may fix the identity used for this commit with:

    git commit --amend --reset-author

 1 file changed, 6 insertions(+), 4 deletions(-)
M	hw6.c
Your branch is up to date with 'origin/master'.
[master a612b90] Commit homework hw6
 Committer: Christopher Ryan Cohen <cohen50@data.cs.purdue.edu>
Your name and email address were configured automatically based
on your username and hostname. Please check that they are accurate.
You can suppress this message by setting them explicitly. Run the
following command and follow the instructions in your editor to edit
your configuration file:

    git config --global --edit

After doing this, you may fix the identity used for this commit with:

    git commit --amend --reset-author

 1 file changed, 4 insertions(+), 2 deletions(-)
M	hw6.c
Your branch is up to date with 'origin/master'.
[master 52f9a11] Commit homework hw6
 Committer: Christopher Ryan Cohen <cohen50@data.cs.purdue.edu>
Your name and email address were configured automatically based
on your username and hostname. Please check that they are accurate.
You can suppress this message by setting them explicitly. Run the
following command and follow the instructions in your editor to edit
your configuration file:

    git config --global --edit

After doing this, you may fix the identity used for this commit with:

    git commit --amend --reset-author

 1 file changed, 4 insertions(+), 2 deletions(-)
M	hw6.c
Your branch is up to date with 'origin/master'.
[master 1ee2067] Commit homework hw6
 Committer: Christopher Ryan Cohen <cohen50@data.cs.purdue.edu>
Your name and email address were configured automatically based
on your username and hostname. Please check that they are accurate.
You can suppress this message by setting them explicitly. Run the
following command and follow the instructions in your editor to edit
your configuration file:

    git config --global --edit

After doing this, you may fix the identity used for this commit with:

    git commit --amend --reset-author

 1 file changed, 8 insertions(+), 4 deletions(-)
Your branch is up to date with 'origin/master'.
[master 52e7c3d] Submission for homework hw6
 Committer: Christopher Ryan Cohen <cohen50@data.cs.purdue.edu>
Your name and email address were configured automatically based
on your username and hostname. Please check that they are accurate.
You can suppress this message by setting them explicitly. Run the
following command and follow the instructions in your editor to edit
your configuration file:

    git config --global --edit

After doing this, you may fix the identity used for this commit with:

    git commit --amend --reset-author

M	hw6.c
Your branch is up to date with 'origin/master'.
[master 44f84ec] Commit homework hw6
 Committer: Christopher Ryan Cohen <cohen50@data.cs.purdue.edu>
Your name and email address were configured automatically based
on your username and hostname. Please check that they are accurate.
You can suppress this message by setting them explicitly. Run the
following command and follow the instructions in your editor to edit
your configuration file:

    git config --global --edit

After doing this, you may fix the identity used for this commit with:

    git commit --amend --reset-author

 1 file changed, 3 insertions(+), 3 deletions(-)
M	hw6.c
Your branch is up to date with 'origin/master'.
[master 8ce380e] Commit homework hw6
 Committer: Christopher Ryan Cohen <cohen50@data.cs.purdue.edu>
Your name and email address were configured automatically based
on your username and hostname. Please check that they are accurate.
You can suppress this message by setting them explicitly. Run the
following command and follow the instructions in your editor to edit
your configuration file:

    git config --global --edit

After doing this, you may fix the identity used for this commit with:

    git commit --amend --reset-author

 1 file changed, 12 insertions(+), 12 deletions(-)
M	hw6.c
Your branch is up to date with 'origin/master'.
[master 9d21c0c] Commit homework hw6
 Committer: Christopher Ryan Cohen <cohen50@data.cs.purdue.edu>
Your name and email address were configured automatically based
on your username and hostname. Please check that they are accurate.
You can suppress this message by setting them explicitly. Run the
following command and follow the instructions in your editor to edit
your configuration file:

    git config --global --edit

After doing this, you may fix the identity used for this commit with:

    git commit --amend --reset-author

 1 file changed, 4 insertions(+), 2 deletions(-)
M	hw6.c
Your branch is up to date with 'origin/master'.
[master 988aa0d] Commit homework hw6
 Committer: Christopher Ryan Cohen <cohen50@data.cs.purdue.edu>
Your name and email address were configured automatically based
on your username and hostname. Please check that they are accurate.
You can suppress this message by setting them explicitly. Run the
following command and follow the instructions in your editor to edit
your configuration file:

    git config --global --edit

After doing this, you may fix the identity used for this commit with:

    git commit --amend --reset-author

 1 file changed, 8 insertions(+), 8 deletions(-)
M	hw6.c
Your branch is up to date with 'origin/master'.
[master 5623151] Commit homework hw6
 Committer: Christopher Ryan Cohen <cohen50@data.cs.purdue.edu>
Your name and email address were configured automatically based
on your username and hostname. Please check that they are accurate.
You can suppress this message by setting them explicitly. Run the
following command and follow the instructions in your editor to edit
your configuration file:

    git config --global --edit

After doing this, you may fix the identity used for this commit with:

    git commit --amend --reset-author

 1 file changed, 2 insertions(+), 2 deletions(-)
M	hw6.c
Your branch is up to date with 'origin/master'.
[master 1ac4921] Commit homework hw6
 Committer: Christopher Ryan Cohen <cohen50@data.cs.purdue.edu>
Your name and email address were configured automatically based
on your username and hostname. Please check that they are accurate.
You can suppress this message by setting them explicitly. Run the
following command and follow the instructions in your editor to edit
your configuration file:

    git config --global --edit

After doing this, you may fix the identity used for this commit with:

    git commit --amend --reset-author

 1 file changed, 13 insertions(+), 12 deletions(-)
Your branch is up to date with 'origin/master'.
[master c6e86fb] Submission for homework hw6
 Committer: Christopher Ryan Cohen <cohen50@data.cs.purdue.edu>
Your name and email address were configured automatically based
on your username and hostname. Please check that they are accurate.
You can suppress this message by setting them explicitly. Run the
following command and follow the instructions in your editor to edit
your configuration file:

    git config --global --edit

After doing this, you may fix the identity used for this commit with:

    git commit --amend --reset-author

M	hw6.c
Your branch is up to date with 'origin/master'.
[master 5e08b2f] Commit homework hw6
 Committer: Christopher Ryan Cohen <cohen50@data.cs.purdue.edu>
Your name and email address were configured automatically based
on your username and hostname. Please check that they are accurate.
You can suppress this message by setting them explicitly. Run the
following command and follow the instructions in your editor to edit
your configuration file:

    git config --global --edit

After doing this, you may fix the identity used for this commit with:

    git commit --amend --reset-author

 1 file changed, 15 insertions(+), 14 deletions(-)
Your branch is up to date with 'origin/master'.
On branch master
Your branch is up to date with 'origin/master'.

Untracked files:
	.local.git.out
	Bogus_00
	Bogus_01
	Bogus_03
	Bogus_04
	Bogus_06
	Bogus_07
	Bogus_08
	Bogus_14
	Bogus_16
	Bogus_21
	Bogus_27
	Bogus_28
	Bogus_31
	Bogus_33
	Bogus_34
	Bogus_35
	Bogus_36
	Bogus_38
	Bogus_41
	Bogus_46
	Bogus_51
	Bogus_55
	Bogus_56
	Bogus_57
	Bogus_58
	Bogus_60
	Bogus_62
	Bogus_63
	Bogus_66
	Bogus_71
	Bogus_72
	Bogus_83
	Bogus_86
	Bogus_87
	Input_00
	Input_01
	Input_03
	Input_04
	Input_06
	Input_07
	Input_08
	Input_14
	Input_16
	Input_21
	Input_27
	Input_28
	Input_31
	Input_33
	Input_34
	Input_35
	Input_36
	Input_38
	Input_41
	Input_46
	Input_51
	Input_55
	Input_56
	Input_57
	Input_58
	Input_60
	Input_62
	Input_63
	Input_66
	Input_71
	Input_72
	Input_83
	Input_86
	Input_87
	hw6.o
	hw6_main
	hw6_main.o
	hw6_test
	hw6_test.o
	non_readable_file
	non_writable_file

nothing added to commit but untracked files present
M	hw6.c
Your branch is up to date with 'origin/master'.
[master 10964d3] Commit homework hw6
 Committer: Christopher Ryan Cohen <cohen50@data.cs.purdue.edu>
Your name and email address were configured automatically based
on your username and hostname. Please check that they are accurate.
You can suppress this message by setting them explicitly. Run the
following command and follow the instructions in your editor to edit
your configuration file:

    git config --global --edit

After doing this, you may fix the identity used for this commit with:

    git commit --amend --reset-author

 1 file changed, 8 insertions(+), 4 deletions(-)
Your branch is up to date with 'origin/master'.
[master dd13ffb] Submission for homework hw6
 Committer: Christopher Ryan Cohen <cohen50@data.cs.purdue.edu>
Your name and email address were configured automatically based
on your username and hostname. Please check that they are accurate.
You can suppress this message by setting them explicitly. Run the
following command and follow the instructions in your editor to edit
your configuration file:

    git config --global --edit

After doing this, you may fix the identity used for this commit with:

    git commit --amend --reset-author

Your branch is up to date with 'origin/master'.
[master 7770eda] Submission for homework hw6
 Committer: Christopher Ryan Cohen <cohen50@data.cs.purdue.edu>
Your name and email address were configured automatically based
on your username and hostname. Please check that they are accurate.
You can suppress this message by setting them explicitly. Run the
following command and follow the instructions in your editor to edit
your configuration file:

    git config --global --edit

After doing this, you may fix the identity used for this commit with:

    git commit --amend --reset-author

