M	hw5.c
Your branch is up to date with 'origin/master'.
[master d012fdb] Commit homework hw5
 Committer: Christopher Ryan Cohen <cohen50@data.cs.purdue.edu>
Your name and email address were configured automatically based
on your username and hostname. Please check that they are accurate.
You can suppress this message by setting them explicitly. Run the
following command and follow the instructions in your editor to edit
your configuration file:

    git config --global --edit

After doing this, you may fix the identity used for this commit with:

    git commit --amend --reset-author

 2 files changed, 73 insertions(+), 1 deletion(-)
 create mode 100644 hw4.c
Your branch is up to date with 'origin/master'.
On branch master
Your branch is up to date with 'origin/master'.

Untracked files:
	.local.git.out
	hw5.o
	hw5_main.o

nothing added to commit but untracked files present
M	hw5.c
Your branch is up to date with 'origin/master'.
[master ae4ff86] Commit homework hw5
 Committer: Christopher Ryan Cohen <cohen50@data.cs.purdue.edu>
Your name and email address were configured automatically based
on your username and hostname. Please check that they are accurate.
You can suppress this message by setting them explicitly. Run the
following command and follow the instructions in your editor to edit
your configuration file:

    git config --global --edit

After doing this, you may fix the identity used for this commit with:

    git commit --amend --reset-author

 1 file changed, 10 insertions(+), 3 deletions(-)
M	hw5.c
Your branch is up to date with 'origin/master'.
[master f68899d] Commit homework hw5
 Committer: Christopher Ryan Cohen <cohen50@data.cs.purdue.edu>
Your name and email address were configured automatically based
on your username and hostname. Please check that they are accurate.
You can suppress this message by setting them explicitly. Run the
following command and follow the instructions in your editor to edit
your configuration file:

    git config --global --edit

After doing this, you may fix the identity used for this commit with:

    git commit --amend --reset-author

 1 file changed, 4 insertions(+)
M	hw5.c
Your branch is up to date with 'origin/master'.
[master 8157342] Commit homework hw5
 Committer: Christopher Ryan Cohen <cohen50@data.cs.purdue.edu>
Your name and email address were configured automatically based
on your username and hostname. Please check that they are accurate.
You can suppress this message by setting them explicitly. Run the
following command and follow the instructions in your editor to edit
your configuration file:

    git config --global --edit

After doing this, you may fix the identity used for this commit with:

    git commit --amend --reset-author

 1 file changed, 2 insertions(+), 2 deletions(-)
M	hw5.c
Your branch is up to date with 'origin/master'.
[master 7c1cd63] Commit homework hw5
 Committer: Christopher Ryan Cohen <cohen50@data.cs.purdue.edu>
Your name and email address were configured automatically based
on your username and hostname. Please check that they are accurate.
You can suppress this message by setting them explicitly. Run the
following command and follow the instructions in your editor to edit
your configuration file:

    git config --global --edit

After doing this, you may fix the identity used for this commit with:

    git commit --amend --reset-author

 1 file changed, 2 insertions(+), 3 deletions(-)
M	hw5.c
Your branch is up to date with 'origin/master'.
[master c309676] Commit homework hw5
 Committer: Christopher Ryan Cohen <cohen50@data.cs.purdue.edu>
Your name and email address were configured automatically based
on your username and hostname. Please check that they are accurate.
You can suppress this message by setting them explicitly. Run the
following command and follow the instructions in your editor to edit
your configuration file:

    git config --global --edit

After doing this, you may fix the identity used for this commit with:

    git commit --amend --reset-author

 1 file changed, 2 insertions(+), 3 deletions(-)
M	hw5.c
Your branch is up to date with 'origin/master'.
[master 137b4b6] Commit homework hw5
 Committer: Christopher Ryan Cohen <cohen50@data.cs.purdue.edu>
Your name and email address were configured automatically based
on your username and hostname. Please check that they are accurate.
You can suppress this message by setting them explicitly. Run the
following command and follow the instructions in your editor to edit
your configuration file:

    git config --global --edit

After doing this, you may fix the identity used for this commit with:

    git commit --amend --reset-author

 1 file changed, 97 insertions(+)
M	hw5.c
Your branch is up to date with 'origin/master'.
[master 2ca63e5] Commit homework hw5
 Committer: Christopher Ryan Cohen <cohen50@data.cs.purdue.edu>
Your name and email address were configured automatically based
on your username and hostname. Please check that they are accurate.
You can suppress this message by setting them explicitly. Run the
following command and follow the instructions in your editor to edit
your configuration file:

    git config --global --edit

After doing this, you may fix the identity used for this commit with:

    git commit --amend --reset-author

 1 file changed, 6 insertions(+), 6 deletions(-)
M	hw5.c
Your branch is up to date with 'origin/master'.
[master 762fd8d] Commit homework hw5
 Committer: Christopher Ryan Cohen <cohen50@data.cs.purdue.edu>
Your name and email address were configured automatically based
on your username and hostname. Please check that they are accurate.
You can suppress this message by setting them explicitly. Run the
following command and follow the instructions in your editor to edit
your configuration file:

    git config --global --edit

After doing this, you may fix the identity used for this commit with:

    git commit --amend --reset-author

 1 file changed, 1 insertion(+)
M	hw5.c
Your branch is up to date with 'origin/master'.
[master 2c359d8] Commit homework hw5
 Committer: Christopher Ryan Cohen <cohen50@data.cs.purdue.edu>
Your name and email address were configured automatically based
on your username and hostname. Please check that they are accurate.
You can suppress this message by setting them explicitly. Run the
following command and follow the instructions in your editor to edit
your configuration file:

    git config --global --edit

After doing this, you may fix the identity used for this commit with:

    git commit --amend --reset-author

 1 file changed, 1 insertion(+), 1 deletion(-)
M	hw5.c
Your branch is up to date with 'origin/master'.
[master 02e2b15] Commit homework hw5
 Committer: Christopher Ryan Cohen <cohen50@data.cs.purdue.edu>
Your name and email address were configured automatically based
on your username and hostname. Please check that they are accurate.
You can suppress this message by setting them explicitly. Run the
following command and follow the instructions in your editor to edit
your configuration file:

    git config --global --edit

After doing this, you may fix the identity used for this commit with:

    git commit --amend --reset-author

 1 file changed, 2 insertions(+), 3 deletions(-)
M	hw5.c
Your branch is up to date with 'origin/master'.
[master 9d85079] Commit homework hw5
 Committer: Christopher Ryan Cohen <cohen50@data.cs.purdue.edu>
Your name and email address were configured automatically based
on your username and hostname. Please check that they are accurate.
You can suppress this message by setting them explicitly. Run the
following command and follow the instructions in your editor to edit
your configuration file:

    git config --global --edit

After doing this, you may fix the identity used for this commit with:

    git commit --amend --reset-author

 1 file changed, 2 insertions(+), 1 deletion(-)
M	hw5.c
Your branch is up to date with 'origin/master'.
[master 5c74a62] Commit homework hw5
 Committer: Christopher Ryan Cohen <cohen50@data.cs.purdue.edu>
Your name and email address were configured automatically based
on your username and hostname. Please check that they are accurate.
You can suppress this message by setting them explicitly. Run the
following command and follow the instructions in your editor to edit
your configuration file:

    git config --global --edit

After doing this, you may fix the identity used for this commit with:

    git commit --amend --reset-author

 1 file changed, 1 insertion(+), 1 deletion(-)
M	hw5.c
Your branch is up to date with 'origin/master'.
[master 9db2c2d] Commit homework hw5
 Committer: Christopher Ryan Cohen <cohen50@data.cs.purdue.edu>
Your name and email address were configured automatically based
on your username and hostname. Please check that they are accurate.
You can suppress this message by setting them explicitly. Run the
following command and follow the instructions in your editor to edit
your configuration file:

    git config --global --edit

After doing this, you may fix the identity used for this commit with:

    git commit --amend --reset-author

 1 file changed, 8 insertions(+), 4 deletions(-)
M	hw5.c
Your branch is up to date with 'origin/master'.
[master f292aa2] Commit homework hw5
 Committer: Christopher Ryan Cohen <cohen50@data.cs.purdue.edu>
Your name and email address were configured automatically based
on your username and hostname. Please check that they are accurate.
You can suppress this message by setting them explicitly. Run the
following command and follow the instructions in your editor to edit
your configuration file:

    git config --global --edit

After doing this, you may fix the identity used for this commit with:

    git commit --amend --reset-author

 1 file changed, 3 insertions(+), 1 deletion(-)
M	hw5.c
Your branch is up to date with 'origin/master'.
[master 4d8e1dc] Commit homework hw5
 Committer: Christopher Ryan Cohen <cohen50@data.cs.purdue.edu>
Your name and email address were configured automatically based
on your username and hostname. Please check that they are accurate.
You can suppress this message by setting them explicitly. Run the
following command and follow the instructions in your editor to edit
your configuration file:

    git config --global --edit

After doing this, you may fix the identity used for this commit with:

    git commit --amend --reset-author

 1 file changed, 1 insertion(+), 1 deletion(-)
M	hw5.c
Your branch is up to date with 'origin/master'.
[master c74b183] Commit homework hw5
 Committer: Christopher Ryan Cohen <cohen50@data.cs.purdue.edu>
Your name and email address were configured automatically based
on your username and hostname. Please check that they are accurate.
You can suppress this message by setting them explicitly. Run the
following command and follow the instructions in your editor to edit
your configuration file:

    git config --global --edit

After doing this, you may fix the identity used for this commit with:

    git commit --amend --reset-author

 1 file changed, 2 insertions(+), 5 deletions(-)
M	hw5.c
Your branch is up to date with 'origin/master'.
[master 66e82d8] Commit homework hw5
 Committer: Christopher Ryan Cohen <cohen50@data.cs.purdue.edu>
Your name and email address were configured automatically based
on your username and hostname. Please check that they are accurate.
You can suppress this message by setting them explicitly. Run the
following command and follow the instructions in your editor to edit
your configuration file:

    git config --global --edit

After doing this, you may fix the identity used for this commit with:

    git commit --amend --reset-author

 1 file changed, 1 deletion(-)
M	hw5.c
Your branch is up to date with 'origin/master'.
[master 853d969] Commit homework hw5
 Committer: Christopher Ryan Cohen <cohen50@data.cs.purdue.edu>
Your name and email address were configured automatically based
on your username and hostname. Please check that they are accurate.
You can suppress this message by setting them explicitly. Run the
following command and follow the instructions in your editor to edit
your configuration file:

    git config --global --edit

After doing this, you may fix the identity used for this commit with:

    git commit --amend --reset-author

 1 file changed, 1 insertion(+), 1 deletion(-)
M	hw5.c
Your branch is up to date with 'origin/master'.
[master 4d838dd] Commit homework hw5
 Committer: Christopher Ryan Cohen <cohen50@data.cs.purdue.edu>
Your name and email address were configured automatically based
on your username and hostname. Please check that they are accurate.
You can suppress this message by setting them explicitly. Run the
following command and follow the instructions in your editor to edit
your configuration file:

    git config --global --edit

After doing this, you may fix the identity used for this commit with:

    git commit --amend --reset-author

 1 file changed, 6 insertions(+), 3 deletions(-)
M	hw5.c
Your branch is up to date with 'origin/master'.
[master 7fdf944] Commit homework hw5
 Committer: Christopher Ryan Cohen <cohen50@data.cs.purdue.edu>
Your name and email address were configured automatically based
on your username and hostname. Please check that they are accurate.
You can suppress this message by setting them explicitly. Run the
following command and follow the instructions in your editor to edit
your configuration file:

    git config --global --edit

After doing this, you may fix the identity used for this commit with:

    git commit --amend --reset-author

 1 file changed, 7 insertions(+)
Your branch is up to date with 'origin/master'.
On branch master
Your branch is up to date with 'origin/master'.

Untracked files:
	.local.git.out
	Bogus_02
	Bogus_13
	Bogus_16
	Bogus_26
	Bogus_27
	Bogus_30
	Bogus_32
	Bogus_33
	Bogus_43
	Bogus_44
	Bogus_45
	Bogus_67
	Bogus_71
	Bogus_72
	Bogus_75
	Bogus_77
	Bogus_81
	Input_02
	Input_13
	Input_16
	Input_26
	Input_27
	Input_30
	Input_32
	Input_33
	Input_43
	Input_44
	Input_45
	Input_67
	Input_71
	Input_72
	Input_75
	Input_77
	Input_81
	hw5.o
	hw5_main
	hw5_main.o
	hw5_test
	hw5_test.o
	non_readable_file
	non_writable_file

nothing added to commit but untracked files present
M	hw5.c
Your branch is up to date with 'origin/master'.
[master 739df0c] Commit homework hw5
 Committer: Christopher Ryan Cohen <cohen50@data.cs.purdue.edu>
Your name and email address were configured automatically based
on your username and hostname. Please check that they are accurate.
You can suppress this message by setting them explicitly. Run the
following command and follow the instructions in your editor to edit
your configuration file:

    git config --global --edit

After doing this, you may fix the identity used for this commit with:

    git commit --amend --reset-author

 1 file changed, 1 insertion(+)
M	hw5.c
Your branch is up to date with 'origin/master'.
[master 65f4fec] Commit homework hw5
 Committer: Christopher Ryan Cohen <cohen50@data.cs.purdue.edu>
Your name and email address were configured automatically based
on your username and hostname. Please check that they are accurate.
You can suppress this message by setting them explicitly. Run the
following command and follow the instructions in your editor to edit
your configuration file:

    git config --global --edit

After doing this, you may fix the identity used for this commit with:

    git commit --amend --reset-author

 1 file changed, 1 insertion(+), 1 deletion(-)
M	hw5.c
Your branch is up to date with 'origin/master'.
[master 21f398c] Commit homework hw5
 Committer: Christopher Ryan Cohen <cohen50@data.cs.purdue.edu>
Your name and email address were configured automatically based
on your username and hostname. Please check that they are accurate.
You can suppress this message by setting them explicitly. Run the
following command and follow the instructions in your editor to edit
your configuration file:

    git config --global --edit

After doing this, you may fix the identity used for this commit with:

    git commit --amend --reset-author

 1 file changed, 3 insertions(+), 4 deletions(-)
M	hw5.c
Your branch is up to date with 'origin/master'.
[master 8d88a78] Commit homework hw5
 Committer: Christopher Ryan Cohen <cohen50@data.cs.purdue.edu>
Your name and email address were configured automatically based
on your username and hostname. Please check that they are accurate.
You can suppress this message by setting them explicitly. Run the
following command and follow the instructions in your editor to edit
your configuration file:

    git config --global --edit

After doing this, you may fix the identity used for this commit with:

    git commit --amend --reset-author

 1 file changed, 1 insertion(+), 1 deletion(-)
M	hw5.c
Your branch is up to date with 'origin/master'.
[master 1b1fa30] Commit homework hw5
 Committer: Christopher Ryan Cohen <cohen50@data.cs.purdue.edu>
Your name and email address were configured automatically based
on your username and hostname. Please check that they are accurate.
You can suppress this message by setting them explicitly. Run the
following command and follow the instructions in your editor to edit
your configuration file:

    git config --global --edit

After doing this, you may fix the identity used for this commit with:

    git commit --amend --reset-author

 1 file changed, 3 insertions(+), 3 deletions(-)
M	hw5.c
Your branch is up to date with 'origin/master'.
[master 18c466e] Commit homework hw5
 Committer: Christopher Ryan Cohen <cohen50@data.cs.purdue.edu>
Your name and email address were configured automatically based
on your username and hostname. Please check that they are accurate.
You can suppress this message by setting them explicitly. Run the
following command and follow the instructions in your editor to edit
your configuration file:

    git config --global --edit

After doing this, you may fix the identity used for this commit with:

    git commit --amend --reset-author

 1 file changed, 1 insertion(+), 1 deletion(-)
M	hw5.c
Your branch is up to date with 'origin/master'.
[master 9dd05bc] Commit homework hw5
 Committer: Christopher Ryan Cohen <cohen50@data.cs.purdue.edu>
Your name and email address were configured automatically based
on your username and hostname. Please check that they are accurate.
You can suppress this message by setting them explicitly. Run the
following command and follow the instructions in your editor to edit
your configuration file:

    git config --global --edit

After doing this, you may fix the identity used for this commit with:

    git commit --amend --reset-author

 1 file changed, 1 insertion(+), 1 deletion(-)
M	hw5.c
Your branch is up to date with 'origin/master'.
[master b43c31f] Commit homework hw5
 Committer: Christopher Ryan Cohen <cohen50@data.cs.purdue.edu>
Your name and email address were configured automatically based
on your username and hostname. Please check that they are accurate.
You can suppress this message by setting them explicitly. Run the
following command and follow the instructions in your editor to edit
your configuration file:

    git config --global --edit

After doing this, you may fix the identity used for this commit with:

    git commit --amend --reset-author

 1 file changed, 5 insertions(+), 3 deletions(-)
Your branch is up to date with 'origin/master'.
On branch master
Your branch is up to date with 'origin/master'.

Untracked files:
	.local.git.out
	Bogus_01
	Bogus_02
	Bogus_13
	Bogus_16
	Bogus_17
	Bogus_26
	Bogus_27
	Bogus_28
	Bogus_30
	Bogus_32
	Bogus_33
	Bogus_38
	Bogus_43
	Bogus_44
	Bogus_45
	Bogus_57
	Bogus_65
	Bogus_67
	Bogus_71
	Bogus_72
	Bogus_75
	Bogus_77
	Bogus_78
	Bogus_81
	Bogus_86
	Input_01
	Input_02
	Input_13
	Input_16
	Input_17
	Input_26
	Input_27
	Input_28
	Input_30
	Input_32
	Input_33
	Input_38
	Input_43
	Input_44
	Input_45
	Input_57
	Input_65
	Input_67
	Input_71
	Input_72
	Input_75
	Input_77
	Input_78
	Input_81
	Input_86
	hw5.o
	hw5_main
	hw5_main.o
	hw5_test
	hw5_test.o
	non_readable_file
	non_writable_file

nothing added to commit but untracked files present
M	hw5.c
Your branch is up to date with 'origin/master'.
[master 2c3ee5a] Commit homework hw5
 Committer: Christopher Ryan Cohen <cohen50@data.cs.purdue.edu>
Your name and email address were configured automatically based
on your username and hostname. Please check that they are accurate.
You can suppress this message by setting them explicitly. Run the
following command and follow the instructions in your editor to edit
your configuration file:

    git config --global --edit

After doing this, you may fix the identity used for this commit with:

    git commit --amend --reset-author

 1 file changed, 7 deletions(-)
M	hw5.c
Your branch is up to date with 'origin/master'.
[master 5aedb22] Commit homework hw5
 Committer: Christopher Ryan Cohen <cohen50@data.cs.purdue.edu>
Your name and email address were configured automatically based
on your username and hostname. Please check that they are accurate.
You can suppress this message by setting them explicitly. Run the
following command and follow the instructions in your editor to edit
your configuration file:

    git config --global --edit

After doing this, you may fix the identity used for this commit with:

    git commit --amend --reset-author

 1 file changed, 3 insertions(+), 1 deletion(-)
M	hw5.c
Your branch is up to date with 'origin/master'.
[master 6531f73] Commit homework hw5
 Committer: Christopher Ryan Cohen <cohen50@data.cs.purdue.edu>
Your name and email address were configured automatically based
on your username and hostname. Please check that they are accurate.
You can suppress this message by setting them explicitly. Run the
following command and follow the instructions in your editor to edit
your configuration file:

    git config --global --edit

After doing this, you may fix the identity used for this commit with:

    git commit --amend --reset-author

 1 file changed, 1 insertion(+), 1 deletion(-)
M	hw5.c
Your branch is up to date with 'origin/master'.
[master 03059b8] Commit homework hw5
 Committer: Christopher Ryan Cohen <cohen50@data.cs.purdue.edu>
Your name and email address were configured automatically based
on your username and hostname. Please check that they are accurate.
You can suppress this message by setting them explicitly. Run the
following command and follow the instructions in your editor to edit
your configuration file:

    git config --global --edit

After doing this, you may fix the identity used for this commit with:

    git commit --amend --reset-author

 1 file changed, 2 insertions(+), 4 deletions(-)
M	hw5.c
Your branch is up to date with 'origin/master'.
[master 7c30b8e] Commit homework hw5
 Committer: Christopher Ryan Cohen <cohen50@data.cs.purdue.edu>
Your name and email address were configured automatically based
on your username and hostname. Please check that they are accurate.
You can suppress this message by setting them explicitly. Run the
following command and follow the instructions in your editor to edit
your configuration file:

    git config --global --edit

After doing this, you may fix the identity used for this commit with:

    git commit --amend --reset-author

 1 file changed, 1 insertion(+), 1 deletion(-)
Your branch is up to date with 'origin/master'.
On branch master
Your branch is up to date with 'origin/master'.

Untracked files:
	.local.git.out
	Bogus_00
	Bogus_01
	Bogus_02
	Bogus_04
	Bogus_08
	Bogus_13
	Bogus_16
	Bogus_17
	Bogus_26
	Bogus_27
	Bogus_28
	Bogus_30
	Bogus_32
	Bogus_33
	Bogus_38
	Bogus_43
	Bogus_44
	Bogus_45
	Bogus_51
	Bogus_57
	Bogus_60
	Bogus_65
	Bogus_67
	Bogus_71
	Bogus_72
	Bogus_75
	Bogus_77
	Bogus_78
	Bogus_81
	Bogus_84
	Bogus_86
	Input_00
	Input_01
	Input_02
	Input_04
	Input_08
	Input_13
	Input_16
	Input_17
	Input_26
	Input_27
	Input_28
	Input_30
	Input_32
	Input_33
	Input_38
	Input_43
	Input_44
	Input_45
	Input_51
	Input_57
	Input_60
	Input_65
	Input_67
	Input_71
	Input_72
	Input_75
	Input_77
	Input_78
	Input_81
	Input_84
	Input_86
	hw5.o
	hw5_main
	hw5_main.o
	hw5_test
	hw5_test.o
	non_readable_file
	non_writable_file

nothing added to commit but untracked files present
Your branch is up to date with 'origin/master'.
On branch master
Your branch is up to date with 'origin/master'.

Untracked files:
	.local.git.out
	Bogus_00
	Bogus_01
	Bogus_02
	Bogus_04
	Bogus_05
	Bogus_08
	Bogus_13
	Bogus_16
	Bogus_17
	Bogus_26
	Bogus_27
	Bogus_28
	Bogus_30
	Bogus_32
	Bogus_33
	Bogus_38
	Bogus_43
	Bogus_44
	Bogus_45
	Bogus_51
	Bogus_57
	Bogus_60
	Bogus_65
	Bogus_67
	Bogus_71
	Bogus_72
	Bogus_75
	Bogus_77
	Bogus_78
	Bogus_81
	Bogus_84
	Bogus_86
	Input_00
	Input_01
	Input_02
	Input_04
	Input_05
	Input_08
	Input_13
	Input_16
	Input_17
	Input_26
	Input_27
	Input_28
	Input_30
	Input_32
	Input_33
	Input_38
	Input_43
	Input_44
	Input_45
	Input_51
	Input_57
	Input_60
	Input_65
	Input_67
	Input_71
	Input_72
	Input_75
	Input_77
	Input_78
	Input_81
	Input_84
	Input_86
	hw5.o
	hw5_main
	hw5_main.o
	hw5_test
	hw5_test.o
	non_readable_file
	non_writable_file

nothing added to commit but untracked files present
M	hw5.c
Your branch is up to date with 'origin/master'.
[master 8ffe004] Commit homework hw5
 Committer: Christopher Ryan Cohen <cohen50@data.cs.purdue.edu>
Your name and email address were configured automatically based
on your username and hostname. Please check that they are accurate.
You can suppress this message by setting them explicitly. Run the
following command and follow the instructions in your editor to edit
your configuration file:

    git config --global --edit

After doing this, you may fix the identity used for this commit with:

    git commit --amend --reset-author

 1 file changed, 6 insertions(+), 6 deletions(-)
Your branch is up to date with 'origin/master'.
On branch master
Your branch is up to date with 'origin/master'.

Untracked files:
	.local.git.out
	Bogus_00
	Bogus_01
	Bogus_02
	Bogus_04
	Bogus_05
	Bogus_07
	Bogus_08
	Bogus_13
	Bogus_16
	Bogus_17
	Bogus_26
	Bogus_27
	Bogus_28
	Bogus_30
	Bogus_32
	Bogus_33
	Bogus_38
	Bogus_43
	Bogus_44
	Bogus_45
	Bogus_51
	Bogus_57
	Bogus_60
	Bogus_61
	Bogus_65
	Bogus_67
	Bogus_71
	Bogus_72
	Bogus_75
	Bogus_77
	Bogus_78
	Bogus_81
	Bogus_84
	Bogus_86
	Input_00
	Input_01
	Input_02
	Input_04
	Input_05
	Input_07
	Input_08
	Input_13
	Input_16
	Input_17
	Input_26
	Input_27
	Input_28
	Input_30
	Input_32
	Input_33
	Input_38
	Input_43
	Input_44
	Input_45
	Input_51
	Input_57
	Input_60
	Input_61
	Input_65
	Input_67
	Input_71
	Input_72
	Input_75
	Input_77
	Input_78
	Input_81
	Input_84
	Input_86
	hw5.o
	hw5_main
	hw5_main.o
	hw5_test
	hw5_test.o
	non_readable_file
	non_writable_file

nothing added to commit but untracked files present
M	hw5.c
Your branch is up to date with 'origin/master'.
[master f6f3752] Commit homework hw5
 Committer: Christopher Ryan Cohen <cohen50@data.cs.purdue.edu>
Your name and email address were configured automatically based
on your username and hostname. Please check that they are accurate.
You can suppress this message by setting them explicitly. Run the
following command and follow the instructions in your editor to edit
your configuration file:

    git config --global --edit

After doing this, you may fix the identity used for this commit with:

    git commit --amend --reset-author

 1 file changed, 1 insertion(+)
M	hw5.c
Your branch is up to date with 'origin/master'.
[master d6cf5fc] Commit homework hw5
 Committer: Christopher Ryan Cohen <cohen50@data.cs.purdue.edu>
Your name and email address were configured automatically based
on your username and hostname. Please check that they are accurate.
You can suppress this message by setting them explicitly. Run the
following command and follow the instructions in your editor to edit
your configuration file:

    git config --global --edit

After doing this, you may fix the identity used for this commit with:

    git commit --amend --reset-author

 1 file changed, 1 insertion(+), 2 deletions(-)
Your branch is up to date with 'origin/master'.
On branch master
Your branch is up to date with 'origin/master'.

Untracked files:
	.local.git.out
	Bogus_00
	Bogus_01
	Bogus_02
	Bogus_04
	Bogus_05
	Bogus_07
	Bogus_08
	Bogus_13
	Bogus_16
	Bogus_17
	Bogus_21
	Bogus_26
	Bogus_27
	Bogus_28
	Bogus_30
	Bogus_32
	Bogus_33
	Bogus_38
	Bogus_43
	Bogus_44
	Bogus_45
	Bogus_51
	Bogus_53
	Bogus_56
	Bogus_57
	Bogus_60
	Bogus_61
	Bogus_65
	Bogus_67
	Bogus_68
	Bogus_71
	Bogus_72
	Bogus_75
	Bogus_77
	Bogus_78
	Bogus_81
	Bogus_84
	Bogus_86
	Bogus_87
	Input_00
	Input_01
	Input_02
	Input_04
	Input_05
	Input_07
	Input_08
	Input_13
	Input_16
	Input_17
	Input_21
	Input_26
	Input_27
	Input_28
	Input_30
	Input_32
	Input_33
	Input_38
	Input_43
	Input_44
	Input_45
	Input_51
	Input_53
	Input_56
	Input_57
	Input_60
	Input_61
	Input_65
	Input_67
	Input_68
	Input_71
	Input_72
	Input_75
	Input_77
	Input_78
	Input_81
	Input_84
	Input_86
	Input_87
	hw5.o
	hw5_main
	hw5_main.o
	hw5_test
	hw5_test.o
	non_readable_file
	non_writable_file

nothing added to commit but untracked files present
M	hw5.c
Your branch is up to date with 'origin/master'.
[master 86c42e3] Commit homework hw5
 Committer: Christopher Ryan Cohen <cohen50@data.cs.purdue.edu>
Your name and email address were configured automatically based
on your username and hostname. Please check that they are accurate.
You can suppress this message by setting them explicitly. Run the
following command and follow the instructions in your editor to edit
your configuration file:

    git config --global --edit

After doing this, you may fix the identity used for this commit with:

    git commit --amend --reset-author

 1 file changed, 2 insertions(+), 1 deletion(-)
M	hw5.c
Your branch is up to date with 'origin/master'.
[master bbfa7af] Commit homework hw5
 Committer: Christopher Ryan Cohen <cohen50@data.cs.purdue.edu>
Your name and email address were configured automatically based
on your username and hostname. Please check that they are accurate.
You can suppress this message by setting them explicitly. Run the
following command and follow the instructions in your editor to edit
your configuration file:

    git config --global --edit

After doing this, you may fix the identity used for this commit with:

    git commit --amend --reset-author

 1 file changed, 1 insertion(+)
M	hw5.c
Your branch is up to date with 'origin/master'.
[master eccc7e3] Commit homework hw5
 Committer: Christopher Ryan Cohen <cohen50@data.cs.purdue.edu>
Your name and email address were configured automatically based
on your username and hostname. Please check that they are accurate.
You can suppress this message by setting them explicitly. Run the
following command and follow the instructions in your editor to edit
your configuration file:

    git config --global --edit

After doing this, you may fix the identity used for this commit with:

    git commit --amend --reset-author

 1 file changed, 1 insertion(+), 2 deletions(-)
M	hw5.c
Your branch is up to date with 'origin/master'.
[master 874f69a] Commit homework hw5
 Committer: Christopher Ryan Cohen <cohen50@data.cs.purdue.edu>
Your name and email address were configured automatically based
on your username and hostname. Please check that they are accurate.
You can suppress this message by setting them explicitly. Run the
following command and follow the instructions in your editor to edit
your configuration file:

    git config --global --edit

After doing this, you may fix the identity used for this commit with:

    git commit --amend --reset-author

 1 file changed, 2 insertions(+), 2 deletions(-)
M	hw5.c
Your branch is up to date with 'origin/master'.
[master 6d11cb5] Commit homework hw5
 Committer: Christopher Ryan Cohen <cohen50@data.cs.purdue.edu>
Your name and email address were configured automatically based
on your username and hostname. Please check that they are accurate.
You can suppress this message by setting them explicitly. Run the
following command and follow the instructions in your editor to edit
your configuration file:

    git config --global --edit

After doing this, you may fix the identity used for this commit with:

    git commit --amend --reset-author

 1 file changed, 1 insertion(+), 2 deletions(-)
M	hw5.c
Your branch is up to date with 'origin/master'.
[master 0cfec30] Commit homework hw5
 Committer: Christopher Ryan Cohen <cohen50@data.cs.purdue.edu>
Your name and email address were configured automatically based
on your username and hostname. Please check that they are accurate.
You can suppress this message by setting them explicitly. Run the
following command and follow the instructions in your editor to edit
your configuration file:

    git config --global --edit

After doing this, you may fix the identity used for this commit with:

    git commit --amend --reset-author

 1 file changed, 1 insertion(+)
M	hw5.c
Your branch is up to date with 'origin/master'.
[master 29e19fa] Commit homework hw5
 Committer: Christopher Ryan Cohen <cohen50@data.cs.purdue.edu>
Your name and email address were configured automatically based
on your username and hostname. Please check that they are accurate.
You can suppress this message by setting them explicitly. Run the
following command and follow the instructions in your editor to edit
your configuration file:

    git config --global --edit

After doing this, you may fix the identity used for this commit with:

    git commit --amend --reset-author

 1 file changed, 1 insertion(+), 1 deletion(-)
M	hw5.c
Your branch is up to date with 'origin/master'.
[master 6194924] Commit homework hw5
 Committer: Christopher Ryan Cohen <cohen50@data.cs.purdue.edu>
Your name and email address were configured automatically based
on your username and hostname. Please check that they are accurate.
You can suppress this message by setting them explicitly. Run the
following command and follow the instructions in your editor to edit
your configuration file:

    git config --global --edit

After doing this, you may fix the identity used for this commit with:

    git commit --amend --reset-author

 1 file changed, 3 deletions(-)
M	hw5.c
Your branch is up to date with 'origin/master'.
[master 441bae9] Commit homework hw5
 Committer: Christopher Ryan Cohen <cohen50@data.cs.purdue.edu>
Your name and email address were configured automatically based
on your username and hostname. Please check that they are accurate.
You can suppress this message by setting them explicitly. Run the
following command and follow the instructions in your editor to edit
your configuration file:

    git config --global --edit

After doing this, you may fix the identity used for this commit with:

    git commit --amend --reset-author

 1 file changed, 29 insertions(+), 3 deletions(-)
M	hw5.c
Your branch is up to date with 'origin/master'.
[master 52bb27e] Commit homework hw5
 Committer: Christopher Ryan Cohen <cohen50@data.cs.purdue.edu>
Your name and email address were configured automatically based
on your username and hostname. Please check that they are accurate.
You can suppress this message by setting them explicitly. Run the
following command and follow the instructions in your editor to edit
your configuration file:

    git config --global --edit

After doing this, you may fix the identity used for this commit with:

    git commit --amend --reset-author

 1 file changed, 2 insertions(+), 2 deletions(-)
M	hw5.c
Your branch is up to date with 'origin/master'.
[master 649f17c] Commit homework hw5
 Committer: Christopher Ryan Cohen <cohen50@data.cs.purdue.edu>
Your name and email address were configured automatically based
on your username and hostname. Please check that they are accurate.
You can suppress this message by setting them explicitly. Run the
following command and follow the instructions in your editor to edit
your configuration file:

    git config --global --edit

After doing this, you may fix the identity used for this commit with:

    git commit --amend --reset-author

 1 file changed, 2 insertions(+), 2 deletions(-)
M	hw5.c
Your branch is up to date with 'origin/master'.
[master a9a6a3b] Commit homework hw5
 Committer: Christopher Ryan Cohen <cohen50@data.cs.purdue.edu>
Your name and email address were configured automatically based
on your username and hostname. Please check that they are accurate.
You can suppress this message by setting them explicitly. Run the
following command and follow the instructions in your editor to edit
your configuration file:

    git config --global --edit

After doing this, you may fix the identity used for this commit with:

    git commit --amend --reset-author

 1 file changed, 20 insertions(+), 8 deletions(-)
M	hw5.c
Your branch is up to date with 'origin/master'.
[master 54e9eeb] Commit homework hw5
 Committer: Christopher Ryan Cohen <cohen50@data.cs.purdue.edu>
Your name and email address were configured automatically based
on your username and hostname. Please check that they are accurate.
You can suppress this message by setting them explicitly. Run the
following command and follow the instructions in your editor to edit
your configuration file:

    git config --global --edit

After doing this, you may fix the identity used for this commit with:

    git commit --amend --reset-author

 1 file changed, 5 insertions(+), 5 deletions(-)
M	hw5.c
Your branch is up to date with 'origin/master'.
[master e9bc0c2] Commit homework hw5
 Committer: Christopher Ryan Cohen <cohen50@data.cs.purdue.edu>
Your name and email address were configured automatically based
on your username and hostname. Please check that they are accurate.
You can suppress this message by setting them explicitly. Run the
following command and follow the instructions in your editor to edit
your configuration file:

    git config --global --edit

After doing this, you may fix the identity used for this commit with:

    git commit --amend --reset-author

 1 file changed, 17 insertions(+), 17 deletions(-)
M	hw5.c
Your branch is up to date with 'origin/master'.
[master e9eccde] Commit homework hw5
 Committer: Christopher Ryan Cohen <cohen50@data.cs.purdue.edu>
Your name and email address were configured automatically based
on your username and hostname. Please check that they are accurate.
You can suppress this message by setting them explicitly. Run the
following command and follow the instructions in your editor to edit
your configuration file:

    git config --global --edit

After doing this, you may fix the identity used for this commit with:

    git commit --amend --reset-author

 1 file changed, 20 insertions(+), 20 deletions(-)
M	hw5.c
Your branch is up to date with 'origin/master'.
[master 1e9c4a8] Commit homework hw5
 Committer: Christopher Ryan Cohen <cohen50@data.cs.purdue.edu>
Your name and email address were configured automatically based
on your username and hostname. Please check that they are accurate.
You can suppress this message by setting them explicitly. Run the
following command and follow the instructions in your editor to edit
your configuration file:

    git config --global --edit

After doing this, you may fix the identity used for this commit with:

    git commit --amend --reset-author

 1 file changed, 2 insertions(+), 2 deletions(-)
M	hw5.c
Your branch is up to date with 'origin/master'.
[master 5afc517] Commit homework hw5
 Committer: Christopher Ryan Cohen <cohen50@data.cs.purdue.edu>
Your name and email address were configured automatically based
on your username and hostname. Please check that they are accurate.
You can suppress this message by setting them explicitly. Run the
following command and follow the instructions in your editor to edit
your configuration file:

    git config --global --edit

After doing this, you may fix the identity used for this commit with:

    git commit --amend --reset-author

 1 file changed, 1 deletion(-)
M	hw5.c
Your branch is up to date with 'origin/master'.
[master c09118e] Commit homework hw5
 Committer: Christopher Ryan Cohen <cohen50@data.cs.purdue.edu>
Your name and email address were configured automatically based
on your username and hostname. Please check that they are accurate.
You can suppress this message by setting them explicitly. Run the
following command and follow the instructions in your editor to edit
your configuration file:

    git config --global --edit

After doing this, you may fix the identity used for this commit with:

    git commit --amend --reset-author

 1 file changed, 11 insertions(+)
M	hw5.c
Your branch is up to date with 'origin/master'.
[master bd5baec] Commit homework hw5
 Committer: Christopher Ryan Cohen <cohen50@data.cs.purdue.edu>
Your name and email address were configured automatically based
on your username and hostname. Please check that they are accurate.
You can suppress this message by setting them explicitly. Run the
following command and follow the instructions in your editor to edit
your configuration file:

    git config --global --edit

After doing this, you may fix the identity used for this commit with:

    git commit --amend --reset-author

 1 file changed, 6 insertions(+), 9 deletions(-)
M	hw5.c
Your branch is up to date with 'origin/master'.
[master 0531f5f] Commit homework hw5
 Committer: Christopher Ryan Cohen <cohen50@data.cs.purdue.edu>
Your name and email address were configured automatically based
on your username and hostname. Please check that they are accurate.
You can suppress this message by setting them explicitly. Run the
following command and follow the instructions in your editor to edit
your configuration file:

    git config --global --edit

After doing this, you may fix the identity used for this commit with:

    git commit --amend --reset-author

 1 file changed, 15 insertions(+), 30 deletions(-)
M	hw5.c
Your branch is up to date with 'origin/master'.
[master 26af6a8] Commit homework hw5
 Committer: Christopher Ryan Cohen <cohen50@data.cs.purdue.edu>
Your name and email address were configured automatically based
on your username and hostname. Please check that they are accurate.
You can suppress this message by setting them explicitly. Run the
following command and follow the instructions in your editor to edit
your configuration file:

    git config --global --edit

After doing this, you may fix the identity used for this commit with:

    git commit --amend --reset-author

 1 file changed, 36 insertions(+), 18 deletions(-)
Your branch is up to date with 'origin/master'.
On branch master
Your branch is up to date with 'origin/master'.

Untracked files:
	.local.git.out
	Bogus_00
	Bogus_01
	Bogus_02
	Bogus_03
	Bogus_04
	Bogus_05
	Bogus_06
	Bogus_07
	Bogus_08
	Bogus_10
	Bogus_11
	Bogus_12
	Bogus_13
	Bogus_15
	Bogus_16
	Bogus_17
	Bogus_18
	Bogus_20
	Bogus_21
	Bogus_22
	Bogus_24
	Bogus_25
	Bogus_26
	Bogus_27
	Bogus_28
	Bogus_30
	Bogus_31
	Bogus_32
	Bogus_33
	Bogus_34
	Bogus_35
	Bogus_38
	Bogus_40
	Bogus_42
	Bogus_43
	Bogus_44
	Bogus_45
	Bogus_47
	Bogus_48
	Bogus_51
	Bogus_52
	Bogus_53
	Bogus_56
	Bogus_57
	Bogus_58
	Bogus_60
	Bogus_61
	Bogus_62
	Bogus_63
	Bogus_65
	Bogus_66
	Bogus_67
	Bogus_68
	Bogus_71
	Bogus_72
	Bogus_73
	Bogus_74
	Bogus_75
	Bogus_76
	Bogus_77
	Bogus_78
	Bogus_80
	Bogus_81
	Bogus_82
	Bogus_84
	Bogus_86
	Bogus_87
	Bogus_88
	Input_00
	Input_01
	Input_02
	Input_03
	Input_04
	Input_05
	Input_06
	Input_07
	Input_08
	Input_10
	Input_11
	Input_12
	Input_13
	Input_15
	Input_16
	Input_17
	Input_18
	Input_20
	Input_21
	Input_22
	Input_24
	Input_25
	Input_26
	Input_27
	Input_28
	Input_30
	Input_31
	Input_32
	Input_33
	Input_34
	Input_35
	Input_38
	Input_40
	Input_42
	Input_43
	Input_44
	Input_45
	Input_47
	Input_48
	Input_51
	Input_52
	Input_53
	Input_56
	Input_57
	Input_58
	Input_60
	Input_61
	Input_62
	Input_63
	Input_65
	Input_66
	Input_67
	Input_68
	Input_71
	Input_72
	Input_73
	Input_74
	Input_75
	Input_76
	Input_77
	Input_78
	Input_80
	Input_81
	Input_82
	Input_84
	Input_86
	Input_87
	Input_88
	hw5.o
	hw5_main
	hw5_main.o
	hw5_test
	hw5_test.o
	non_readable_file
	non_writable_file

nothing added to commit but untracked files present
Your branch is up to date with 'origin/master'.
[master 43f14d0] Submission for homework hw5
 Committer: Christopher Ryan Cohen <cohen50@data.cs.purdue.edu>
Your name and email address were configured automatically based
on your username and hostname. Please check that they are accurate.
You can suppress this message by setting them explicitly. Run the
following command and follow the instructions in your editor to edit
your configuration file:

    git config --global --edit

After doing this, you may fix the identity used for this commit with:

    git commit --amend --reset-author

M	hw5.c
Your branch is up to date with 'origin/master'.
[master ad64a6d] Commit homework hw5
 Committer: Christopher Ryan Cohen <cohen50@data.cs.purdue.edu>
Your name and email address were configured automatically based
on your username and hostname. Please check that they are accurate.
You can suppress this message by setting them explicitly. Run the
following command and follow the instructions in your editor to edit
your configuration file:

    git config --global --edit

After doing this, you may fix the identity used for this commit with:

    git commit --amend --reset-author

 1 file changed, 6 insertions(+), 6 deletions(-)
Your branch is up to date with 'origin/master'.
On branch master
Your branch is up to date with 'origin/master'.

Untracked files:
	.local.git.out
	Bogus_00
	Bogus_01
	Bogus_02
	Bogus_03
	Bogus_04
	Bogus_05
	Bogus_06
	Bogus_07
	Bogus_08
	Bogus_10
	Bogus_11
	Bogus_12
	Bogus_13
	Bogus_15
	Bogus_16
	Bogus_17
	Bogus_18
	Bogus_20
	Bogus_21
	Bogus_22
	Bogus_24
	Bogus_25
	Bogus_26
	Bogus_27
	Bogus_28
	Bogus_30
	Bogus_31
	Bogus_32
	Bogus_33
	Bogus_34
	Bogus_35
	Bogus_38
	Bogus_40
	Bogus_42
	Bogus_43
	Bogus_44
	Bogus_45
	Bogus_47
	Bogus_48
	Bogus_51
	Bogus_52
	Bogus_53
	Bogus_56
	Bogus_57
	Bogus_58
	Bogus_60
	Bogus_61
	Bogus_62
	Bogus_63
	Bogus_65
	Bogus_66
	Bogus_67
	Bogus_68
	Bogus_71
	Bogus_72
	Bogus_73
	Bogus_74
	Bogus_75
	Bogus_76
	Bogus_77
	Bogus_78
	Bogus_80
	Bogus_81
	Bogus_82
	Bogus_84
	Bogus_86
	Bogus_87
	Bogus_88
	Input_00
	Input_01
	Input_02
	Input_03
	Input_04
	Input_05
	Input_06
	Input_07
	Input_08
	Input_10
	Input_11
	Input_12
	Input_13
	Input_15
	Input_16
	Input_17
	Input_18
	Input_20
	Input_21
	Input_22
	Input_24
	Input_25
	Input_26
	Input_27
	Input_28
	Input_30
	Input_31
	Input_32
	Input_33
	Input_34
	Input_35
	Input_38
	Input_40
	Input_42
	Input_43
	Input_44
	Input_45
	Input_47
	Input_48
	Input_51
	Input_52
	Input_53
	Input_56
	Input_57
	Input_58
	Input_60
	Input_61
	Input_62
	Input_63
	Input_65
	Input_66
	Input_67
	Input_68
	Input_71
	Input_72
	Input_73
	Input_74
	Input_75
	Input_76
	Input_77
	Input_78
	Input_80
	Input_81
	Input_82
	Input_84
	Input_86
	Input_87
	Input_88
	hw5.o
	hw5_main
	hw5_main.o
	hw5_test
	hw5_test.o
	non_readable_file
	non_writable_file

nothing added to commit but untracked files present
Your branch is up to date with 'origin/master'.
[master 7b378f6] Submission for homework hw5
 Committer: Christopher Ryan Cohen <cohen50@data.cs.purdue.edu>
Your name and email address were configured automatically based
on your username and hostname. Please check that they are accurate.
You can suppress this message by setting them explicitly. Run the
following command and follow the instructions in your editor to edit
your configuration file:

    git config --global --edit

After doing this, you may fix the identity used for this commit with:

    git commit --amend --reset-author

M	hw5.c
Your branch is up to date with 'origin/master'.
[master 2586480] Commit homework hw5
 Committer: Christopher Ryan Cohen <cohen50@data.cs.purdue.edu>
Your name and email address were configured automatically based
on your username and hostname. Please check that they are accurate.
You can suppress this message by setting them explicitly. Run the
following command and follow the instructions in your editor to edit
your configuration file:

    git config --global --edit

After doing this, you may fix the identity used for this commit with:

    git commit --amend --reset-author

 1 file changed, 6 insertions(+)
M	hw5.c
Your branch is up to date with 'origin/master'.
[master f39ffa7] Commit homework hw5
 Committer: Christopher Ryan Cohen <cohen50@data.cs.purdue.edu>
Your name and email address were configured automatically based
on your username and hostname. Please check that they are accurate.
You can suppress this message by setting them explicitly. Run the
following command and follow the instructions in your editor to edit
your configuration file:

    git config --global --edit

After doing this, you may fix the identity used for this commit with:

    git commit --amend --reset-author

 1 file changed, 8 insertions(+), 14 deletions(-)
Your branch is up to date with 'origin/master'.
[master 568c249] Submission for homework hw5
 Committer: Christopher Ryan Cohen <cohen50@data.cs.purdue.edu>
Your name and email address were configured automatically based
on your username and hostname. Please check that they are accurate.
You can suppress this message by setting them explicitly. Run the
following command and follow the instructions in your editor to edit
your configuration file:

    git config --global --edit

After doing this, you may fix the identity used for this commit with:

    git commit --amend --reset-author

Your branch is up to date with 'origin/master'.
[master dd2ae01] Submission for homework hw5
 Committer: Christopher Ryan Cohen <cohen50@data.cs.purdue.edu>
Your name and email address were configured automatically based
on your username and hostname. Please check that they are accurate.
You can suppress this message by setting them explicitly. Run the
following command and follow the instructions in your editor to edit
your configuration file:

    git config --global --edit

After doing this, you may fix the identity used for this commit with:

    git commit --amend --reset-author

M	hw5.c
Your branch is up to date with 'origin/master'.
[master 8484fac] Commit homework hw5
 Committer: Christopher Ryan Cohen <cohen50@data.cs.purdue.edu>
Your name and email address were configured automatically based
on your username and hostname. Please check that they are accurate.
You can suppress this message by setting them explicitly. Run the
following command and follow the instructions in your editor to edit
your configuration file:

    git config --global --edit

After doing this, you may fix the identity used for this commit with:

    git commit --amend --reset-author

 1 file changed, 1 insertion(+), 1 deletion(-)
Your branch is up to date with 'origin/master'.
[master 1a3d7d3] Submission for homework hw5
 Committer: Christopher Ryan Cohen <cohen50@data.cs.purdue.edu>
Your name and email address were configured automatically based
on your username and hostname. Please check that they are accurate.
You can suppress this message by setting them explicitly. Run the
following command and follow the instructions in your editor to edit
your configuration file:

    git config --global --edit

After doing this, you may fix the identity used for this commit with:

    git commit --amend --reset-author

M	hw5.c
Your branch is up to date with 'origin/master'.
[master f3f646a] Commit homework hw5
 Committer: Christopher Ryan Cohen <cohen50@data.cs.purdue.edu>
Your name and email address were configured automatically based
on your username and hostname. Please check that they are accurate.
You can suppress this message by setting them explicitly. Run the
following command and follow the instructions in your editor to edit
your configuration file:

    git config --global --edit

After doing this, you may fix the identity used for this commit with:

    git commit --amend --reset-author

 1 file changed, 7 insertions(+), 6 deletions(-)
M	hw5.c
Your branch is up to date with 'origin/master'.
[master be88ac7] Commit homework hw5
 Committer: Christopher Ryan Cohen <cohen50@data.cs.purdue.edu>
Your name and email address were configured automatically based
on your username and hostname. Please check that they are accurate.
You can suppress this message by setting them explicitly. Run the
following command and follow the instructions in your editor to edit
your configuration file:

    git config --global --edit

After doing this, you may fix the identity used for this commit with:

    git commit --amend --reset-author

 1 file changed, 7 insertions(+)
Your branch is up to date with 'origin/master'.
[master 1dfa91c] Submission for homework hw5
 Committer: Christopher Ryan Cohen <cohen50@data.cs.purdue.edu>
Your name and email address were configured automatically based
on your username and hostname. Please check that they are accurate.
You can suppress this message by setting them explicitly. Run the
following command and follow the instructions in your editor to edit
your configuration file:

    git config --global --edit

After doing this, you may fix the identity used for this commit with:

    git commit --amend --reset-author

Your branch is up to date with 'origin/master'.
On branch master
Your branch is up to date with 'origin/master'.

Untracked files:
	.local.git.out
	Bogus_00
	Bogus_01
	Bogus_02
	Bogus_03
	Bogus_04
	Bogus_05
	Bogus_06
	Bogus_07
	Bogus_08
	Bogus_10
	Bogus_11
	Bogus_12
	Bogus_13
	Bogus_15
	Bogus_16
	Bogus_17
	Bogus_18
	Bogus_20
	Bogus_21
	Bogus_22
	Bogus_23
	Bogus_24
	Bogus_25
	Bogus_26
	Bogus_27
	Bogus_28
	Bogus_30
	Bogus_31
	Bogus_32
	Bogus_33
	Bogus_34
	Bogus_35
	Bogus_37
	Bogus_38
	Bogus_40
	Bogus_41
	Bogus_42
	Bogus_43
	Bogus_44
	Bogus_45
	Bogus_46
	Bogus_47
	Bogus_48
	Bogus_51
	Bogus_52
	Bogus_53
	Bogus_54
	Bogus_55
	Bogus_56
	Bogus_57
	Bogus_58
	Bogus_60
	Bogus_61
	Bogus_62
	Bogus_63
	Bogus_64
	Bogus_65
	Bogus_66
	Bogus_67
	Bogus_68
	Bogus_70
	Bogus_71
	Bogus_72
	Bogus_73
	Bogus_74
	Bogus_75
	Bogus_76
	Bogus_77
	Bogus_78
	Bogus_80
	Bogus_81
	Bogus_82
	Bogus_83
	Bogus_84
	Bogus_85
	Bogus_86
	Bogus_87
	Bogus_88
	Input_00
	Input_01
	Input_02
	Input_03
	Input_04
	Input_05
	Input_06
	Input_07
	Input_08
	Input_10
	Input_11
	Input_12
	Input_13
	Input_15
	Input_16
	Input_17
	Input_18
	Input_20
	Input_21
	Input_22
	Input_23
	Input_24
	Input_25
	Input_26
	Input_27
	Input_28
	Input_30
	Input_31
	Input_32
	Input_33
	Input_34
	Input_35
	Input_37
	Input_38
	Input_40
	Input_41
	Input_42
	Input_43
	Input_44
	Input_45
	Input_46
	Input_47
	Input_48
	Input_51
	Input_52
	Input_53
	Input_54
	Input_55
	Input_56
	Input_57
	Input_58
	Input_60
	Input_61
	Input_62
	Input_63
	Input_64
	Input_65
	Input_66
	Input_67
	Input_68
	Input_70
	Input_71
	Input_72
	Input_73
	Input_74
	Input_75
	Input_76
	Input_77
	Input_78
	Input_80
	Input_81
	Input_82
	Input_83
	Input_84
	Input_85
	Input_86
	Input_87
	Input_88
	hw5.o
	hw5_main
	hw5_main.o
	hw5_test
	hw5_test.o
	non_readable_file
	non_writable_file

nothing added to commit but untracked files present
M	hw5.c
Your branch is up to date with 'origin/master'.
[master d11ba11] Commit homework hw5
 Committer: Christopher Ryan Cohen <cohen50@data.cs.purdue.edu>
Your name and email address were configured automatically based
on your username and hostname. Please check that they are accurate.
You can suppress this message by setting them explicitly. Run the
following command and follow the instructions in your editor to edit
your configuration file:

    git config --global --edit

After doing this, you may fix the identity used for this commit with:

    git commit --amend --reset-author

 1 file changed, 5 insertions(+), 4 deletions(-)
M	hw5.c
Your branch is up to date with 'origin/master'.
[master b8582a5] Commit homework hw5
 Committer: Christopher Ryan Cohen <cohen50@data.cs.purdue.edu>
Your name and email address were configured automatically based
on your username and hostname. Please check that they are accurate.
You can suppress this message by setting them explicitly. Run the
following command and follow the instructions in your editor to edit
your configuration file:

    git config --global --edit

After doing this, you may fix the identity used for this commit with:

    git commit --amend --reset-author

 1 file changed, 4 insertions(+), 4 deletions(-)
Your branch is up to date with 'origin/master'.
[master 749b26f] Submission for homework hw5
 Committer: Christopher Ryan Cohen <cohen50@data.cs.purdue.edu>
Your name and email address were configured automatically based
on your username and hostname. Please check that they are accurate.
You can suppress this message by setting them explicitly. Run the
following command and follow the instructions in your editor to edit
your configuration file:

    git config --global --edit

After doing this, you may fix the identity used for this commit with:

    git commit --amend --reset-author

