M	hw2.c
Your branch is up to date with 'origin/master'.
[master 68c3413] Commit homework hw2
 Committer: Christopher Ryan Cohen <cohen50@data.cs.purdue.edu>
Your name and email address were configured automatically based
on your username and hostname. Please check that they are accurate.
You can suppress this message by setting them explicitly. Run the
following command and follow the instructions in your editor to edit
your configuration file:

    git config --global --edit

After doing this, you may fix the identity used for this commit with:

    git commit --amend --reset-author

 1 file changed, 100 insertions(+), 1 deletion(-)
M	hw2.c
Your branch is up to date with 'origin/master'.
[master adff342] Commit homework hw2
 Committer: Christopher Ryan Cohen <cohen50@data.cs.purdue.edu>
Your name and email address were configured automatically based
on your username and hostname. Please check that they are accurate.
You can suppress this message by setting them explicitly. Run the
following command and follow the instructions in your editor to edit
your configuration file:

    git config --global --edit

After doing this, you may fix the identity used for this commit with:

    git commit --amend --reset-author

 1 file changed, 2 insertions(+), 2 deletions(-)
M	hw2.c
Your branch is up to date with 'origin/master'.
[master e8645f7] Commit homework hw2
 Committer: Christopher Ryan Cohen <cohen50@data.cs.purdue.edu>
Your name and email address were configured automatically based
on your username and hostname. Please check that they are accurate.
You can suppress this message by setting them explicitly. Run the
following command and follow the instructions in your editor to edit
your configuration file:

    git config --global --edit

After doing this, you may fix the identity used for this commit with:

    git commit --amend --reset-author

 1 file changed, 4 insertions(+), 2 deletions(-)
Your branch is up to date with 'origin/master'.
On branch master
Your branch is up to date with 'origin/master'.

Untracked files:
	.local.git.out
	Bogus_504
	Bogus_511
	Bogus_947
	Input_504
	Input_511
	Input_947
	hw2.o
	hw2_main
	hw2_main.o
	hw2_test
	non_readable_file
	non_writable_file

nothing added to commit but untracked files present
M	hw2.c
Your branch is up to date with 'origin/master'.
[master 322865e] Commit homework hw2
 Committer: Christopher Ryan Cohen <cohen50@data.cs.purdue.edu>
Your name and email address were configured automatically based
on your username and hostname. Please check that they are accurate.
You can suppress this message by setting them explicitly. Run the
following command and follow the instructions in your editor to edit
your configuration file:

    git config --global --edit

After doing this, you may fix the identity used for this commit with:

    git commit --amend --reset-author

 1 file changed, 2 insertions(+), 1 deletion(-)
M	hw2.c
Your branch is up to date with 'origin/master'.
[master d32969a] Commit homework hw2
 Committer: Christopher Ryan Cohen <cohen50@data.cs.purdue.edu>
Your name and email address were configured automatically based
on your username and hostname. Please check that they are accurate.
You can suppress this message by setting them explicitly. Run the
following command and follow the instructions in your editor to edit
your configuration file:

    git config --global --edit

After doing this, you may fix the identity used for this commit with:

    git commit --amend --reset-author

 1 file changed, 1 insertion(+), 3 deletions(-)
M	hw2.c
Your branch is up to date with 'origin/master'.
[master 75319ea] Commit homework hw2
 Committer: Christopher Ryan Cohen <cohen50@data.cs.purdue.edu>
Your name and email address were configured automatically based
on your username and hostname. Please check that they are accurate.
You can suppress this message by setting them explicitly. Run the
following command and follow the instructions in your editor to edit
your configuration file:

    git config --global --edit

After doing this, you may fix the identity used for this commit with:

    git commit --amend --reset-author

 1 file changed, 3 insertions(+), 1 deletion(-)
M	hw2.c
Your branch is up to date with 'origin/master'.
[master f266ba8] Commit homework hw2
 Committer: Christopher Ryan Cohen <cohen50@data.cs.purdue.edu>
Your name and email address were configured automatically based
on your username and hostname. Please check that they are accurate.
You can suppress this message by setting them explicitly. Run the
following command and follow the instructions in your editor to edit
your configuration file:

    git config --global --edit

After doing this, you may fix the identity used for this commit with:

    git commit --amend --reset-author

 1 file changed, 1 insertion(+), 2 deletions(-)
Your branch is up to date with 'origin/master'.
[master bcb1408] Submission for homework hw2
 Committer: Christopher Ryan Cohen <cohen50@data.cs.purdue.edu>
Your name and email address were configured automatically based
on your username and hostname. Please check that they are accurate.
You can suppress this message by setting them explicitly. Run the
following command and follow the instructions in your editor to edit
your configuration file:

    git config --global --edit

After doing this, you may fix the identity used for this commit with:

    git commit --amend --reset-author

M	hw2.c
Your branch is up to date with 'origin/master'.
[master 6c2e1d0] Commit homework hw2
 Committer: Christopher Ryan Cohen <cohen50@data.cs.purdue.edu>
Your name and email address were configured automatically based
on your username and hostname. Please check that they are accurate.
You can suppress this message by setting them explicitly. Run the
following command and follow the instructions in your editor to edit
your configuration file:

    git config --global --edit

After doing this, you may fix the identity used for this commit with:

    git commit --amend --reset-author

 1 file changed, 6 insertions(+), 1 deletion(-)
M	hw2.c
Your branch is up to date with 'origin/master'.
[master 31f3aee] Commit homework hw2
 Committer: Christopher Ryan Cohen <cohen50@data.cs.purdue.edu>
Your name and email address were configured automatically based
on your username and hostname. Please check that they are accurate.
You can suppress this message by setting them explicitly. Run the
following command and follow the instructions in your editor to edit
your configuration file:

    git config --global --edit

After doing this, you may fix the identity used for this commit with:

    git commit --amend --reset-author

 1 file changed, 1 insertion(+)
M	hw2.c
Your branch is up to date with 'origin/master'.
[master cc3072b] Commit homework hw2
 Committer: Christopher Ryan Cohen <cohen50@data.cs.purdue.edu>
Your name and email address were configured automatically based
on your username and hostname. Please check that they are accurate.
You can suppress this message by setting them explicitly. Run the
following command and follow the instructions in your editor to edit
your configuration file:

    git config --global --edit

After doing this, you may fix the identity used for this commit with:

    git commit --amend --reset-author

 1 file changed, 5 insertions(+), 3 deletions(-)
M	hw2.c
Your branch is up to date with 'origin/master'.
[master 6c66783] Commit homework hw2
 Committer: Christopher Ryan Cohen <cohen50@data.cs.purdue.edu>
Your name and email address were configured automatically based
on your username and hostname. Please check that they are accurate.
You can suppress this message by setting them explicitly. Run the
following command and follow the instructions in your editor to edit
your configuration file:

    git config --global --edit

After doing this, you may fix the identity used for this commit with:

    git commit --amend --reset-author

 1 file changed, 6 insertions(+), 2 deletions(-)
M	hw2.c
Your branch is up to date with 'origin/master'.
[master 0490747] Commit homework hw2
 Committer: Christopher Ryan Cohen <cohen50@data.cs.purdue.edu>
Your name and email address were configured automatically based
on your username and hostname. Please check that they are accurate.
You can suppress this message by setting them explicitly. Run the
following command and follow the instructions in your editor to edit
your configuration file:

    git config --global --edit

After doing this, you may fix the identity used for this commit with:

    git commit --amend --reset-author

 1 file changed, 3 insertions(+)
M	hw2.c
Your branch is up to date with 'origin/master'.
[master 1fb1227] Commit homework hw2
 Committer: Christopher Ryan Cohen <cohen50@data.cs.purdue.edu>
Your name and email address were configured automatically based
on your username and hostname. Please check that they are accurate.
You can suppress this message by setting them explicitly. Run the
following command and follow the instructions in your editor to edit
your configuration file:

    git config --global --edit

After doing this, you may fix the identity used for this commit with:

    git commit --amend --reset-author

 1 file changed, 1 insertion(+), 1 deletion(-)
M	hw2.c
Your branch is up to date with 'origin/master'.
[master e6d13c3] Commit homework hw2
 Committer: Christopher Ryan Cohen <cohen50@data.cs.purdue.edu>
Your name and email address were configured automatically based
on your username and hostname. Please check that they are accurate.
You can suppress this message by setting them explicitly. Run the
following command and follow the instructions in your editor to edit
your configuration file:

    git config --global --edit

After doing this, you may fix the identity used for this commit with:

    git commit --amend --reset-author

 1 file changed, 12 insertions(+), 1 deletion(-)
M	hw2.c
Your branch is up to date with 'origin/master'.
[master 658cff8] Commit homework hw2
 Committer: Christopher Ryan Cohen <cohen50@data.cs.purdue.edu>
Your name and email address were configured automatically based
on your username and hostname. Please check that they are accurate.
You can suppress this message by setting them explicitly. Run the
following command and follow the instructions in your editor to edit
your configuration file:

    git config --global --edit

After doing this, you may fix the identity used for this commit with:

    git commit --amend --reset-author

 1 file changed, 15 insertions(+), 1 deletion(-)
M	hw2.c
Your branch is up to date with 'origin/master'.
[master 6c0e891] Commit homework hw2
 Committer: Christopher Ryan Cohen <cohen50@data.cs.purdue.edu>
Your name and email address were configured automatically based
on your username and hostname. Please check that they are accurate.
You can suppress this message by setting them explicitly. Run the
following command and follow the instructions in your editor to edit
your configuration file:

    git config --global --edit

After doing this, you may fix the identity used for this commit with:

    git commit --amend --reset-author

 1 file changed, 1 insertion(+), 1 deletion(-)
Your branch is up to date with 'origin/master'.
[master ab4e9da] Submission for homework hw2
 Committer: Christopher Ryan Cohen <cohen50@data.cs.purdue.edu>
Your name and email address were configured automatically based
on your username and hostname. Please check that they are accurate.
You can suppress this message by setting them explicitly. Run the
following command and follow the instructions in your editor to edit
your configuration file:

    git config --global --edit

After doing this, you may fix the identity used for this commit with:

    git commit --amend --reset-author

M	hw2.c
Your branch is up to date with 'origin/master'.
[master 2ef507f] Commit homework hw2
 Committer: Christopher Ryan Cohen <cohen50@data.cs.purdue.edu>
Your name and email address were configured automatically based
on your username and hostname. Please check that they are accurate.
You can suppress this message by setting them explicitly. Run the
following command and follow the instructions in your editor to edit
your configuration file:

    git config --global --edit

After doing this, you may fix the identity used for this commit with:

    git commit --amend --reset-author

 1 file changed, 9 insertions(+), 6 deletions(-)
M	hw2.c
Your branch is up to date with 'origin/master'.
[master ee1c990] Commit homework hw2
 Committer: Christopher Ryan Cohen <cohen50@data.cs.purdue.edu>
Your name and email address were configured automatically based
on your username and hostname. Please check that they are accurate.
You can suppress this message by setting them explicitly. Run the
following command and follow the instructions in your editor to edit
your configuration file:

    git config --global --edit

After doing this, you may fix the identity used for this commit with:

    git commit --amend --reset-author

 1 file changed, 1 insertion(+), 1 deletion(-)
M	hw2.c
Your branch is up to date with 'origin/master'.
[master c8175ea] Commit homework hw2
 Committer: Christopher Ryan Cohen <cohen50@data.cs.purdue.edu>
Your name and email address were configured automatically based
on your username and hostname. Please check that they are accurate.
You can suppress this message by setting them explicitly. Run the
following command and follow the instructions in your editor to edit
your configuration file:

    git config --global --edit

After doing this, you may fix the identity used for this commit with:

    git commit --amend --reset-author

 1 file changed, 4 insertions(+), 6 deletions(-)
M	hw2.c
Your branch is up to date with 'origin/master'.
[master 69bcd13] Commit homework hw2
 Committer: Christopher Ryan Cohen <cohen50@data.cs.purdue.edu>
Your name and email address were configured automatically based
on your username and hostname. Please check that they are accurate.
You can suppress this message by setting them explicitly. Run the
following command and follow the instructions in your editor to edit
your configuration file:

    git config --global --edit

After doing this, you may fix the identity used for this commit with:

    git commit --amend --reset-author

 1 file changed, 3 insertions(+), 1 deletion(-)
M	hw2.c
Your branch is up to date with 'origin/master'.
[master e52ce00] Commit homework hw2
 Committer: Christopher Ryan Cohen <cohen50@data.cs.purdue.edu>
Your name and email address were configured automatically based
on your username and hostname. Please check that they are accurate.
You can suppress this message by setting them explicitly. Run the
following command and follow the instructions in your editor to edit
your configuration file:

    git config --global --edit

After doing this, you may fix the identity used for this commit with:

    git commit --amend --reset-author

 1 file changed, 9 insertions(+), 1 deletion(-)
M	hw2.c
Your branch is up to date with 'origin/master'.
[master 33a53df] Commit homework hw2
 Committer: Christopher Ryan Cohen <cohen50@data.cs.purdue.edu>
Your name and email address were configured automatically based
on your username and hostname. Please check that they are accurate.
You can suppress this message by setting them explicitly. Run the
following command and follow the instructions in your editor to edit
your configuration file:

    git config --global --edit

After doing this, you may fix the identity used for this commit with:

    git commit --amend --reset-author

 1 file changed, 4 insertions(+)
Your branch is up to date with 'origin/master'.
[master fbd5afb] Submission for homework hw2
 Committer: Christopher Ryan Cohen <cohen50@data.cs.purdue.edu>
Your name and email address were configured automatically based
on your username and hostname. Please check that they are accurate.
You can suppress this message by setting them explicitly. Run the
following command and follow the instructions in your editor to edit
your configuration file:

    git config --global --edit

After doing this, you may fix the identity used for this commit with:

    git commit --amend --reset-author

M	hw2.c
Your branch is up to date with 'origin/master'.
[master c49030b] Commit homework hw2
 Committer: Christopher Ryan Cohen <cohen50@data.cs.purdue.edu>
Your name and email address were configured automatically based
on your username and hostname. Please check that they are accurate.
You can suppress this message by setting them explicitly. Run the
following command and follow the instructions in your editor to edit
your configuration file:

    git config --global --edit

After doing this, you may fix the identity used for this commit with:

    git commit --amend --reset-author

 1 file changed, 39 insertions(+), 38 deletions(-)
M	hw2.c
Your branch is up to date with 'origin/master'.
[master ae0ce1c] Commit homework hw2
 Committer: Christopher Ryan Cohen <cohen50@data.cs.purdue.edu>
Your name and email address were configured automatically based
on your username and hostname. Please check that they are accurate.
You can suppress this message by setting them explicitly. Run the
following command and follow the instructions in your editor to edit
your configuration file:

    git config --global --edit

After doing this, you may fix the identity used for this commit with:

    git commit --amend --reset-author

 1 file changed, 12 insertions(+), 6 deletions(-)
M	hw2.c
Your branch is up to date with 'origin/master'.
[master bd3f357] Submission for homework hw2
 Committer: Christopher Ryan Cohen <cohen50@data.cs.purdue.edu>
Your name and email address were configured automatically based
on your username and hostname. Please check that they are accurate.
You can suppress this message by setting them explicitly. Run the
following command and follow the instructions in your editor to edit
your configuration file:

    git config --global --edit

After doing this, you may fix the identity used for this commit with:

    git commit --amend --reset-author

 1 file changed, 1 insertion(+), 1 deletion(-)
M	hw2.c
Your branch is up to date with 'origin/master'.
[master 19c551f] Commit homework hw2
 Committer: Christopher Ryan Cohen <cohen50@data.cs.purdue.edu>
Your name and email address were configured automatically based
on your username and hostname. Please check that they are accurate.
You can suppress this message by setting them explicitly. Run the
following command and follow the instructions in your editor to edit
your configuration file:

    git config --global --edit

After doing this, you may fix the identity used for this commit with:

    git commit --amend --reset-author

 1 file changed, 23 insertions(+), 1 deletion(-)
Your branch is up to date with 'origin/master'.
On branch master
Your branch is up to date with 'origin/master'.

Untracked files:
	.local.git.out
	Bogus_133
	Bogus_195
	Bogus_340
	Bogus_399
	Bogus_504
	Bogus_511
	Bogus_578
	Bogus_579
	Bogus_594
	Bogus_607
	Bogus_623
	Bogus_626
	Bogus_671
	Bogus_712
	Bogus_725
	Bogus_733
	Bogus_837
	Bogus_842
	Bogus_843
	Bogus_872
	Bogus_932
	Bogus_947
	Bogus_968
	Bogus_993
	Input_133
	Input_195
	Input_340
	Input_399
	Input_504
	Input_511
	Input_578
	Input_579
	Input_594
	Input_607
	Input_623
	Input_626
	Input_671
	Input_712
	Input_725
	Input_733
	Input_837
	Input_842
	Input_843
	Input_872
	Input_932
	Input_947
	Input_968
	Input_993
	hw2.o
	hw2_main
	hw2_main.o
	hw2_test
	non_readable_file
	non_writable_file

nothing added to commit but untracked files present
M	hw2.c
Your branch is up to date with 'origin/master'.
[master f60114f] Commit homework hw2
 Committer: Christopher Ryan Cohen <cohen50@data.cs.purdue.edu>
Your name and email address were configured automatically based
on your username and hostname. Please check that they are accurate.
You can suppress this message by setting them explicitly. Run the
following command and follow the instructions in your editor to edit
your configuration file:

    git config --global --edit

After doing this, you may fix the identity used for this commit with:

    git commit --amend --reset-author

 1 file changed, 7 insertions(+)
M	hw2.c
Your branch is up to date with 'origin/master'.
[master dd52493] Commit homework hw2
 Committer: Christopher Ryan Cohen <cohen50@data.cs.purdue.edu>
Your name and email address were configured automatically based
on your username and hostname. Please check that they are accurate.
You can suppress this message by setting them explicitly. Run the
following command and follow the instructions in your editor to edit
your configuration file:

    git config --global --edit

After doing this, you may fix the identity used for this commit with:

    git commit --amend --reset-author

 1 file changed, 2 insertions(+), 2 deletions(-)
M	hw2.c
Your branch is up to date with 'origin/master'.
[master 6374908] Commit homework hw2
 Committer: Christopher Ryan Cohen <cohen50@data.cs.purdue.edu>
Your name and email address were configured automatically based
on your username and hostname. Please check that they are accurate.
You can suppress this message by setting them explicitly. Run the
following command and follow the instructions in your editor to edit
your configuration file:

    git config --global --edit

After doing this, you may fix the identity used for this commit with:

    git commit --amend --reset-author

 1 file changed, 2 insertions(+), 5 deletions(-)
M	hw2.c
Your branch is up to date with 'origin/master'.
[master 1ee4e66] Commit homework hw2
 Committer: Christopher Ryan Cohen <cohen50@data.cs.purdue.edu>
Your name and email address were configured automatically based
on your username and hostname. Please check that they are accurate.
You can suppress this message by setting them explicitly. Run the
following command and follow the instructions in your editor to edit
your configuration file:

    git config --global --edit

After doing this, you may fix the identity used for this commit with:

    git commit --amend --reset-author

 1 file changed, 2 insertions(+), 2 deletions(-)
M	hw2.c
Your branch is up to date with 'origin/master'.
[master 65eb118] Commit homework hw2
 Committer: Christopher Ryan Cohen <cohen50@data.cs.purdue.edu>
Your name and email address were configured automatically based
on your username and hostname. Please check that they are accurate.
You can suppress this message by setting them explicitly. Run the
following command and follow the instructions in your editor to edit
your configuration file:

    git config --global --edit

After doing this, you may fix the identity used for this commit with:

    git commit --amend --reset-author

 1 file changed, 1 insertion(+), 1 deletion(-)
M	hw2.c
Your branch is up to date with 'origin/master'.
[master 3542752] Commit homework hw2
 Committer: Christopher Ryan Cohen <cohen50@data.cs.purdue.edu>
Your name and email address were configured automatically based
on your username and hostname. Please check that they are accurate.
You can suppress this message by setting them explicitly. Run the
following command and follow the instructions in your editor to edit
your configuration file:

    git config --global --edit

After doing this, you may fix the identity used for this commit with:

    git commit --amend --reset-author

 1 file changed, 1 insertion(+), 1 deletion(-)
M	hw2.c
Your branch is up to date with 'origin/master'.
[master 6c250f5] Commit homework hw2
 Committer: Christopher Ryan Cohen <cohen50@data.cs.purdue.edu>
Your name and email address were configured automatically based
on your username and hostname. Please check that they are accurate.
You can suppress this message by setting them explicitly. Run the
following command and follow the instructions in your editor to edit
your configuration file:

    git config --global --edit

After doing this, you may fix the identity used for this commit with:

    git commit --amend --reset-author

 1 file changed, 2 insertions(+), 2 deletions(-)
M	hw2.c
Your branch is up to date with 'origin/master'.
[master 28ac44d] Commit homework hw2
 Committer: Christopher Ryan Cohen <cohen50@data.cs.purdue.edu>
Your name and email address were configured automatically based
on your username and hostname. Please check that they are accurate.
You can suppress this message by setting them explicitly. Run the
following command and follow the instructions in your editor to edit
your configuration file:

    git config --global --edit

After doing this, you may fix the identity used for this commit with:

    git commit --amend --reset-author

 1 file changed, 4 insertions(+), 1 deletion(-)
M	hw2.c
Your branch is up to date with 'origin/master'.
[master 598fe4d] Commit homework hw2
 Committer: Christopher Ryan Cohen <cohen50@data.cs.purdue.edu>
Your name and email address were configured automatically based
on your username and hostname. Please check that they are accurate.
You can suppress this message by setting them explicitly. Run the
following command and follow the instructions in your editor to edit
your configuration file:

    git config --global --edit

After doing this, you may fix the identity used for this commit with:

    git commit --amend --reset-author

 1 file changed, 1 deletion(-)
Your branch is up to date with 'origin/master'.
[master ed0f716] Submission for homework hw2
 Committer: Christopher Ryan Cohen <cohen50@data.cs.purdue.edu>
Your name and email address were configured automatically based
on your username and hostname. Please check that they are accurate.
You can suppress this message by setting them explicitly. Run the
following command and follow the instructions in your editor to edit
your configuration file:

    git config --global --edit

After doing this, you may fix the identity used for this commit with:

    git commit --amend --reset-author

M	hw2.c
Your branch is up to date with 'origin/master'.
[master 2857c30] Commit homework hw2
 Committer: Christopher Ryan Cohen <cohen50@data.cs.purdue.edu>
Your name and email address were configured automatically based
on your username and hostname. Please check that they are accurate.
You can suppress this message by setting them explicitly. Run the
following command and follow the instructions in your editor to edit
your configuration file:

    git config --global --edit

After doing this, you may fix the identity used for this commit with:

    git commit --amend --reset-author

 1 file changed, 75 insertions(+), 3 deletions(-)
M	hw2.c
Your branch is up to date with 'origin/master'.
[master 26692ef] Commit homework hw2
 Committer: Christopher Ryan Cohen <cohen50@data.cs.purdue.edu>
Your name and email address were configured automatically based
on your username and hostname. Please check that they are accurate.
You can suppress this message by setting them explicitly. Run the
following command and follow the instructions in your editor to edit
your configuration file:

    git config --global --edit

After doing this, you may fix the identity used for this commit with:

    git commit --amend --reset-author

 1 file changed, 1 insertion(+), 1 deletion(-)
Your branch is up to date with 'origin/master'.
On branch master
Your branch is up to date with 'origin/master'.

Untracked files:
	.local.git.out
	Bogus_133
	Bogus_169
	Bogus_173
	Bogus_195
	Bogus_264
	Bogus_329
	Bogus_340
	Bogus_399
	Bogus_504
	Bogus_511
	Bogus_513
	Bogus_578
	Bogus_579
	Bogus_582
	Bogus_594
	Bogus_607
	Bogus_623
	Bogus_626
	Bogus_671
	Bogus_712
	Bogus_717
	Bogus_725
	Bogus_727
	Bogus_733
	Bogus_755
	Bogus_837
	Bogus_842
	Bogus_843
	Bogus_872
	Bogus_932
	Bogus_947
	Bogus_967
	Bogus_968
	Bogus_993
	Input_133
	Input_169
	Input_173
	Input_195
	Input_264
	Input_329
	Input_340
	Input_399
	Input_504
	Input_511
	Input_513
	Input_578
	Input_579
	Input_582
	Input_594
	Input_607
	Input_623
	Input_626
	Input_671
	Input_712
	Input_717
	Input_725
	Input_727
	Input_733
	Input_755
	Input_837
	Input_842
	Input_843
	Input_872
	Input_932
	Input_947
	Input_967
	Input_968
	Input_993
	Output_169
	Output_264
	Output_513
	Output_582
	Output_725
	Output_727
	Output_755
	Result_169
	Result_264
	Result_513
	Result_582
	Result_725
	Result_727
	Result_755
	hw2.o
	hw2_main
	hw2_main.o
	hw2_test
	non_readable_file
	non_writable_file

nothing added to commit but untracked files present
M	hw2.c
Your branch is up to date with 'origin/master'.
[master 9a377b1] Commit homework hw2
 Committer: Christopher Ryan Cohen <cohen50@data.cs.purdue.edu>
Your name and email address were configured automatically based
on your username and hostname. Please check that they are accurate.
You can suppress this message by setting them explicitly. Run the
following command and follow the instructions in your editor to edit
your configuration file:

    git config --global --edit

After doing this, you may fix the identity used for this commit with:

    git commit --amend --reset-author

 1 file changed, 1 insertion(+)
Your branch is up to date with 'origin/master'.
[master 6e4065e] Submission for homework hw2
 Committer: Christopher Ryan Cohen <cohen50@data.cs.purdue.edu>
Your name and email address were configured automatically based
on your username and hostname. Please check that they are accurate.
You can suppress this message by setting them explicitly. Run the
following command and follow the instructions in your editor to edit
your configuration file:

    git config --global --edit

After doing this, you may fix the identity used for this commit with:

    git commit --amend --reset-author

M	hw2.c
Your branch is up to date with 'origin/master'.
[master 9d546ca] Commit homework hw2
 Committer: Christopher Ryan Cohen <cohen50@data.cs.purdue.edu>
Your name and email address were configured automatically based
on your username and hostname. Please check that they are accurate.
You can suppress this message by setting them explicitly. Run the
following command and follow the instructions in your editor to edit
your configuration file:

    git config --global --edit

After doing this, you may fix the identity used for this commit with:

    git commit --amend --reset-author

 1 file changed, 15 insertions(+), 14 deletions(-)
Your branch is up to date with 'origin/master'.
[master 1f2ec27] Submission for homework hw2
 Committer: Christopher Ryan Cohen <cohen50@data.cs.purdue.edu>
Your name and email address were configured automatically based
on your username and hostname. Please check that they are accurate.
You can suppress this message by setting them explicitly. Run the
following command and follow the instructions in your editor to edit
your configuration file:

    git config --global --edit

After doing this, you may fix the identity used for this commit with:

    git commit --amend --reset-author

Your branch is up to date with 'origin/master'.
On branch master
Your branch is up to date with 'origin/master'.

Untracked files:
	.local.git.out
	Bogus_133
	Bogus_169
	Bogus_173
	Bogus_174
	Bogus_195
	Bogus_264
	Bogus_329
	Bogus_340
	Bogus_399
	Bogus_504
	Bogus_511
	Bogus_513
	Bogus_578
	Bogus_579
	Bogus_582
	Bogus_594
	Bogus_607
	Bogus_623
	Bogus_626
	Bogus_671
	Bogus_700
	Bogus_712
	Bogus_717
	Bogus_725
	Bogus_727
	Bogus_733
	Bogus_755
	Bogus_837
	Bogus_842
	Bogus_843
	Bogus_872
	Bogus_932
	Bogus_934
	Bogus_947
	Bogus_967
	Bogus_968
	Bogus_993
	Input_133
	Input_169
	Input_173
	Input_174
	Input_195
	Input_264
	Input_329
	Input_340
	Input_399
	Input_504
	Input_511
	Input_513
	Input_578
	Input_579
	Input_582
	Input_594
	Input_607
	Input_623
	Input_626
	Input_671
	Input_700
	Input_712
	Input_717
	Input_725
	Input_727
	Input_733
	Input_755
	Input_837
	Input_842
	Input_843
	Input_872
	Input_932
	Input_934
	Input_947
	Input_967
	Input_968
	Input_993
	Output_169
	Output_174
	Output_264
	Output_513
	Output_582
	Output_700
	Output_725
	Output_727
	Output_755
	Output_934
	Result_169
	Result_174
	Result_264
	Result_513
	Result_582
	Result_700
	Result_725
	Result_727
	Result_755
	Result_934
	hw2.o
	hw2_main
	hw2_main.o
	hw2_test
	non_readable_file
	non_writable_file

nothing added to commit but untracked files present
M	hw2.c
Your branch is up to date with 'origin/master'.
[master 04dfb8c] Commit homework hw2
 Committer: Christopher Ryan Cohen <cohen50@data.cs.purdue.edu>
Your name and email address were configured automatically based
on your username and hostname. Please check that they are accurate.
You can suppress this message by setting them explicitly. Run the
following command and follow the instructions in your editor to edit
your configuration file:

    git config --global --edit

After doing this, you may fix the identity used for this commit with:

    git commit --amend --reset-author

 1 file changed, 3 insertions(+), 3 deletions(-)
Your branch is up to date with 'origin/master'.
On branch master
Your branch is up to date with 'origin/master'.

Untracked files:
	.local.git.out
	Bogus_133
	Bogus_169
	Bogus_173
	Bogus_174
	Bogus_195
	Bogus_264
	Bogus_268
	Bogus_329
	Bogus_340
	Bogus_399
	Bogus_504
	Bogus_511
	Bogus_513
	Bogus_555
	Bogus_578
	Bogus_579
	Bogus_582
	Bogus_594
	Bogus_607
	Bogus_623
	Bogus_626
	Bogus_671
	Bogus_700
	Bogus_712
	Bogus_717
	Bogus_725
	Bogus_727
	Bogus_733
	Bogus_755
	Bogus_837
	Bogus_842
	Bogus_843
	Bogus_872
	Bogus_932
	Bogus_934
	Bogus_947
	Bogus_967
	Bogus_968
	Bogus_993
	Input_133
	Input_169
	Input_173
	Input_174
	Input_195
	Input_264
	Input_268
	Input_329
	Input_340
	Input_399
	Input_504
	Input_511
	Input_513
	Input_555
	Input_578
	Input_579
	Input_582
	Input_594
	Input_607
	Input_623
	Input_626
	Input_671
	Input_700
	Input_712
	Input_717
	Input_725
	Input_727
	Input_733
	Input_755
	Input_837
	Input_842
	Input_843
	Input_872
	Input_932
	Input_934
	Input_947
	Input_967
	Input_968
	Input_993
	Output_169
	Output_174
	Output_264
	Output_268
	Output_513
	Output_555
	Output_582
	Output_700
	Output_725
	Output_727
	Output_755
	Output_934
	Result_169
	Result_174
	Result_264
	Result_268
	Result_513
	Result_555
	Result_582
	Result_700
	Result_725
	Result_727
	Result_755
	Result_934
	hw2.o
	hw2_main
	hw2_main.o
	hw2_test
	non_readable_file
	non_writable_file

nothing added to commit but untracked files present
Your branch is up to date with 'origin/master'.
[master dd7e177] Submission for homework hw2
 Committer: Christopher Ryan Cohen <cohen50@data.cs.purdue.edu>
Your name and email address were configured automatically based
on your username and hostname. Please check that they are accurate.
You can suppress this message by setting them explicitly. Run the
following command and follow the instructions in your editor to edit
your configuration file:

    git config --global --edit

After doing this, you may fix the identity used for this commit with:

    git commit --amend --reset-author

Your branch is up to date with 'origin/master'.
On branch master
Your branch is up to date with 'origin/master'.

Untracked files:
	.local.git.out
	Bogus_133
	Bogus_169
	Bogus_173
	Bogus_174
	Bogus_195
	Bogus_264
	Bogus_268
	Bogus_329
	Bogus_340
	Bogus_399
	Bogus_504
	Bogus_511
	Bogus_513
	Bogus_555
	Bogus_578
	Bogus_579
	Bogus_582
	Bogus_594
	Bogus_607
	Bogus_623
	Bogus_626
	Bogus_639
	Bogus_671
	Bogus_700
	Bogus_712
	Bogus_717
	Bogus_725
	Bogus_727
	Bogus_733
	Bogus_755
	Bogus_837
	Bogus_842
	Bogus_843
	Bogus_872
	Bogus_932
	Bogus_934
	Bogus_947
	Bogus_967
	Bogus_968
	Bogus_993
	Input_133
	Input_169
	Input_173
	Input_174
	Input_195
	Input_264
	Input_268
	Input_329
	Input_340
	Input_399
	Input_504
	Input_511
	Input_513
	Input_555
	Input_578
	Input_579
	Input_582
	Input_594
	Input_607
	Input_623
	Input_626
	Input_639
	Input_671
	Input_700
	Input_712
	Input_717
	Input_725
	Input_727
	Input_733
	Input_755
	Input_837
	Input_842
	Input_843
	Input_872
	Input_932
	Input_934
	Input_947
	Input_967
	Input_968
	Input_993
	Output_169
	Output_174
	Output_264
	Output_268
	Output_513
	Output_555
	Output_582
	Output_639
	Output_700
	Output_725
	Output_727
	Output_755
	Output_934
	Result_169
	Result_174
	Result_264
	Result_268
	Result_513
	Result_555
	Result_582
	Result_639
	Result_700
	Result_725
	Result_727
	Result_755
	Result_934
	hw2.o
	hw2_main
	hw2_main.o
	hw2_test
	non_readable_file
	non_writable_file

nothing added to commit but untracked files present
